This is XeTeX, Version 3.14159265-2.6-0.999992 (MiKTeX 20.7) (preloaded format=xelatex 2020.9.27)  22 OCT 2021 07:00
entering extended mode
**./advancedr_2021_22_1.tex
(advancedr_2021_22_1.tex
LaTeX2e <2020-02-02> patch level 5
L3 programming layer <2020-09-03> ("C:\Program Files\MiKTeX 2.9\tex/latex/base\
book.cls"
Document Class: book 2019/12/20 v1.4l Standard LaTeX document class
("C:\Program Files\MiKTeX 2.9\tex/latex/base\bk10.clo"
File: bk10.clo 2019/12/20 v1.4l Standard LaTeX file (size option)
)
\c@part=\count164
\c@chapter=\count165
\c@section=\count166
\c@subsection=\count167
\c@subsubsection=\count168
\c@paragraph=\count169
\c@subparagraph=\count170
\c@figure=\count171
\c@table=\count172
\abovecaptionskip=\skip47
\belowcaptionskip=\skip48
\bibindent=\dimen134
) ("C:\Program Files\MiKTeX 2.9\tex/latex/amsmath\amsmath.sty"
Package: amsmath 2020/01/20 v2.17e AMS math features
\@mathmargin=\skip49
For additional information on amsmath, use the `?' option.
("C:\Program Files\MiKTeX 2.9\tex/latex/amsmath\amstext.sty"
Package: amstext 2000/06/29 v2.01 AMS text
("C:\Program Files\MiKTeX 2.9\tex/latex/amsmath\amsgen.sty"
File: amsgen.sty 1999/11/30 v2.0 generic functions
\@emptytoks=\toks15
\ex@=\dimen135
)) ("C:\Program Files\MiKTeX 2.9\tex/latex/amsmath\amsbsy.sty"
Package: amsbsy 1999/11/29 v1.2d Bold Symbols
\pmbraise@=\dimen136
) ("C:\Program Files\MiKTeX 2.9\tex/latex/amsmath\amsopn.sty"
Package: amsopn 2016/03/08 v2.02 operator names
)
\inf@bad=\count173
LaTeX Info: Redefining \frac on input line 227.
\uproot@=\count174
\leftroot@=\count175
LaTeX Info: Redefining \overline on input line 389.
\classnum@=\count176
\DOTSCASE@=\count177
LaTeX Info: Redefining \ldots on input line 486.
LaTeX Info: Redefining \dots on input line 489.
LaTeX Info: Redefining \cdots on input line 610.
\Mathstrutbox@=\box45
\strutbox@=\box46
\big@size=\dimen137
LaTeX Font Info:    Redeclaring font encoding OML on input line 733.
LaTeX Font Info:    Redeclaring font encoding OMS on input line 734.
\macc@depth=\count178
\c@MaxMatrixCols=\count179
\dotsspace@=\muskip16
\c@parentequation=\count180
\dspbrk@lvl=\count181
\tag@help=\toks16
\row@=\count182
\column@=\count183
\maxfields@=\count184
\andhelp@=\toks17
\eqnshift@=\dimen138
\alignsep@=\dimen139
\tagshift@=\dimen140
\tagwidth@=\dimen141
\totwidth@=\dimen142
\lineht@=\dimen143
\@envbody=\toks18
\multlinegap=\skip50
\multlinetaggap=\skip51
\mathdisplay@stack=\toks19
LaTeX Info: Redefining \[ on input line 2859.
LaTeX Info: Redefining \] on input line 2860.
) ("C:\Program Files\MiKTeX 2.9\tex/latex/amsfonts\amssymb.sty"
Package: amssymb 2013/01/14 v3.01 AMS font symbols
("C:\Program Files\MiKTeX 2.9\tex/latex/amsfonts\amsfonts.sty"
Package: amsfonts 2013/01/14 v3.01 Basic AMSFonts support
\symAMSa=\mathgroup4
\symAMSb=\mathgroup5
LaTeX Font Info:    Redeclaring math symbol \hbar on input line 98.
LaTeX Font Info:    Overwriting math alphabet `\mathfrak' in version `bold'
(Font)                  U/euf/m/n --> U/euf/b/n on input line 106.
)) ("C:\Program Files\MiKTeX 2.9\tex/latex/lm\lmodern.sty"
Package: lmodern 2009/10/30 v1.6 Latin Modern Fonts
LaTeX Font Info:    Overwriting symbol font `operators' in version `normal'
(Font)                  OT1/cmr/m/n --> OT1/lmr/m/n on input line 22.
LaTeX Font Info:    Overwriting symbol font `letters' in version `normal'
(Font)                  OML/cmm/m/it --> OML/lmm/m/it on input line 23.
LaTeX Font Info:    Overwriting symbol font `symbols' in version `normal'
(Font)                  OMS/cmsy/m/n --> OMS/lmsy/m/n on input line 24.
LaTeX Font Info:    Overwriting symbol font `largesymbols' in version `normal'
(Font)                  OMX/cmex/m/n --> OMX/lmex/m/n on input line 25.
LaTeX Font Info:    Overwriting symbol font `operators' in version `bold'
(Font)                  OT1/cmr/bx/n --> OT1/lmr/bx/n on input line 26.
LaTeX Font Info:    Overwriting symbol font `letters' in version `bold'
(Font)                  OML/cmm/b/it --> OML/lmm/b/it on input line 27.
LaTeX Font Info:    Overwriting symbol font `symbols' in version `bold'
(Font)                  OMS/cmsy/b/n --> OMS/lmsy/b/n on input line 28.
LaTeX Font Info:    Overwriting symbol font `largesymbols' in version `bold'
(Font)                  OMX/cmex/m/n --> OMX/lmex/m/n on input line 29.
LaTeX Font Info:    Overwriting math alphabet `\mathbf' in version `normal'
(Font)                  OT1/cmr/bx/n --> OT1/lmr/bx/n on input line 31.
LaTeX Font Info:    Overwriting math alphabet `\mathsf' in version `normal'
(Font)                  OT1/cmss/m/n --> OT1/lmss/m/n on input line 32.
LaTeX Font Info:    Overwriting math alphabet `\mathit' in version `normal'
(Font)                  OT1/cmr/m/it --> OT1/lmr/m/it on input line 33.
LaTeX Font Info:    Overwriting math alphabet `\mathtt' in version `normal'
(Font)                  OT1/cmtt/m/n --> OT1/lmtt/m/n on input line 34.
LaTeX Font Info:    Overwriting math alphabet `\mathbf' in version `bold'
(Font)                  OT1/cmr/bx/n --> OT1/lmr/bx/n on input line 35.
LaTeX Font Info:    Overwriting math alphabet `\mathsf' in version `bold'
(Font)                  OT1/cmss/bx/n --> OT1/lmss/bx/n on input line 36.
LaTeX Font Info:    Overwriting math alphabet `\mathit' in version `bold'
(Font)                  OT1/cmr/bx/it --> OT1/lmr/bx/it on input line 37.
LaTeX Font Info:    Overwriting math alphabet `\mathtt' in version `bold'
(Font)                  OT1/cmtt/m/n --> OT1/lmtt/m/n on input line 38.
) ("C:\Program Files\MiKTeX 2.9\tex/generic/iftex\iftex.sty"
Package: iftex 2020/03/06 v1.0d TeX engine tests
) ("C:\Program Files\MiKTeX 2.9\tex/latex/unicode-math\unicode-math.sty" ("C:\P
rogram Files\MiKTeX 2.9\tex/latex/l3kernel\expl3.sty"
Package: expl3 2020-09-03 L3 programming layer (loader) 
("C:\Program Files\MiKTeX 2.9\tex/latex/l3backend\l3backend-xetex.def"
File: l3backend-xetex.def 2020-09-01 L3 backend support: XeTeX
\g__graphics_track_int=\count185
\l__pdf_internal_box=\box47
\g__pdf_backend_object_int=\count186
\g__pdf_backend_annotation_int=\count187
))
Package: unicode-math 2020/01/31 v0.8q Unicode maths in XeLaTeX and LuaLaTeX
("C:\Program Files\MiKTeX 2.9\tex/latex/unicode-math\unicode-math-xetex.sty"
Package: unicode-math-xetex 2020/01/31 v0.8q Unicode maths in XeLaTeX and LuaLa
TeX
("C:\Program Files\MiKTeX 2.9\tex/latex/l3packages/xparse\xparse.sty"
Package: xparse 2020-05-15 L3 Experimental document command parser
("C:\Program Files\MiKTeX 2.9\tex/latex/l3packages/xparse\xparse-generic.tex"
\l__xparse_current_arg_int=\count188
\g__xparse_grabber_int=\count189
\l__xparse_m_args_int=\count190
\l__xparse_v_nesting_int=\count191
)) ("C:\Program Files\MiKTeX 2.9\tex/latex/l3packages/l3keys2e\l3keys2e.sty"
Package: l3keys2e 2020-05-15 LaTeX2e option processing using LaTeX3 keys
) ("C:\Program Files\MiKTeX 2.9\tex/latex/fontspec\fontspec.sty"
Package: fontspec 2020/02/21 v2.7i Font selection for XeLaTeX and LuaLaTeX
("C:\Program Files\MiKTeX 2.9\tex/latex/fontspec\fontspec-xetex.sty"
Package: fontspec-xetex 2020/02/21 v2.7i Font selection for XeLaTeX and LuaLaTe
X
\l__fontspec_script_int=\count192
\l__fontspec_language_int=\count193
\l__fontspec_strnum_int=\count194
\l__fontspec_tmp_int=\count195
\l__fontspec_tmpa_int=\count196
\l__fontspec_tmpb_int=\count197
\l__fontspec_tmpc_int=\count198
\l__fontspec_em_int=\count199
\l__fontspec_emdef_int=\count266
\l__fontspec_strong_int=\count267
\l__fontspec_strongdef_int=\count268
\l__fontspec_tmpa_dim=\dimen144
\l__fontspec_tmpb_dim=\dimen145
\l__fontspec_tmpc_dim=\dimen146
("C:\Program Files\MiKTeX 2.9\tex/latex/base\fontenc.sty"
Package: fontenc 2020/02/11 v2.0o Standard LaTeX package
) ("C:\Program Files\MiKTeX 2.9\tex/latex/fontspec\fontspec.cfg"))) ("C:\Progra
m Files\MiKTeX 2.9\tex/latex/base\fix-cm.sty"
Package: fix-cm 2015/01/14 v1.1t fixes to LaTeX
("C:\Program Files\MiKTeX 2.9\tex/latex/base\ts1enc.def"
File: ts1enc.def 2001/06/05 v3.0e (jk/car/fm) Standard LaTeX file
LaTeX Font Info:    Redeclaring font encoding TS1 on input line 47.
))
\g__um_fam_int=\count269
\g__um_fonts_used_int=\count270
\l__um_primecount_int=\count271
\g__um_primekern_muskip=\muskip17
("C:\Program Files\MiKTeX 2.9\tex/latex/unicode-math\unicode-math-table.tex")))
("C:\Program Files\MiKTeX 2.9\tex/latex/upquote\upquote.sty"
Package: upquote 2012/04/19 v1.3 upright-quote and grave-accent glyphs in verba
tim
("C:\Program Files\MiKTeX 2.9\tex/latex/base\textcomp.sty"
Package: textcomp 2020/02/02 v2.0n Standard LaTeX package
)) ("C:\Program Files\MiKTeX 2.9\tex/latex/microtype\microtype.sty"
Package: microtype 2019/11/18 v2.7d Micro-typographical refinements (RS)
("C:\Program Files\MiKTeX 2.9\tex/latex/graphics\keyval.sty"
Package: keyval 2014/10/28 v1.15 key=value parser (DPC)
\KV@toks@=\toks20
)
\MT@toks=\toks21
\MT@count=\count272
LaTeX Info: Redefining \textls on input line 790.
\MT@outer@kern=\dimen147
LaTeX Info: Redefining \textmicrotypecontext on input line 1354.
\MT@listname@count=\count273
("C:\Program Files\MiKTeX 2.9\tex/latex/microtype\microtype-xetex.def"
File: microtype-xetex.def 2019/11/18 v2.7d Definitions specific to xetex (RS)
LaTeX Info: Redefining \lsstyle on input line 258.
)
Package microtype Info: Loading configuration file microtype.cfg.
("C:\Program Files\MiKTeX 2.9\tex/latex/microtype\microtype.cfg"
File: microtype.cfg 2019/11/18 v2.7d microtype main configuration file (RS)
)) ("C:\Program Files\MiKTeX 2.9\tex/latex/parskip\parskip.sty"
Package: parskip 2020-06-15 v2.0f non-zero parskip adjustments
(C:\Users\RStudio\AppData\Roaming\MiKTeX\2.9\tex/latex/kvoptions\kvoptions.sty
Package: kvoptions 2019/11/29 v3.13 Key value format for package options (HO)
(C:\Users\RStudio\AppData\Roaming\MiKTeX\2.9\tex/generic/ltxcmds\ltxcmds.sty
Package: ltxcmds 2019/12/15 v1.24 LaTeX kernel commands for general use (HO)
)
(C:\Users\RStudio\AppData\Roaming\MiKTeX\2.9\tex/generic/kvsetkeys\kvsetkeys.st
y
Package: kvsetkeys 2019/12/15 v1.18 Key value parser (HO)
)) ("C:\Program Files\MiKTeX 2.9\tex/latex/etoolbox\etoolbox.sty"
Package: etoolbox 2020/08/24 v2.5j e-TeX tools for LaTeX (JAW)
\etb@tempcnta=\count274
)) ("C:\Program Files\MiKTeX 2.9\tex/latex/xcolor\xcolor.sty"
Package: xcolor 2016/05/11 v2.12 LaTeX color extensions (UK)
("C:\Program Files\MiKTeX 2.9\tex/latex/graphics-cfg\color.cfg"
File: color.cfg 2016/01/02 v1.6 sample color configuration
)
Package xcolor Info: Driver file: xetex.def on input line 225.
("C:\Program Files\MiKTeX 2.9\tex/latex/graphics-def\xetex.def"
File: xetex.def 2020/08/26 v5.0i Graphics/color driver for xetex
)
Package xcolor Info: Model `cmy' substituted by `cmy0' on input line 1348.
Package xcolor Info: Model `RGB' extended on input line 1364.
Package xcolor Info: Model `HTML' substituted by `rgb' on input line 1366.
Package xcolor Info: Model `Hsb' substituted by `hsb' on input line 1367.
Package xcolor Info: Model `tHsb' substituted by `hsb' on input line 1368.
Package xcolor Info: Model `HSB' substituted by `hsb' on input line 1369.
Package xcolor Info: Model `Gray' substituted by `gray' on input line 1370.
Package xcolor Info: Model `wave' substituted by `hsb' on input line 1371.
) ("C:\Program Files\MiKTeX 2.9\tex/latex/xurl\xurl.sty"
Package: xurl 2020/01/24 v 0.09 modify URL breaks
("C:\Program Files\MiKTeX 2.9\tex/latex/url\url.sty"
\Urlmuskip=\muskip18
Package: url 2013/09/16  ver 3.4  Verb mode for urls, etc.
)) (C:\Users\RStudio\AppData\Roaming\MiKTeX\2.9\tex/latex/bookmark\bookmark.sty
Package: bookmark 2019/12/03 v1.28 PDF bookmarks (HO)
("C:\Program Files\MiKTeX 2.9\tex/latex/hyperref\hyperref.sty"
Package: hyperref 2020-05-15 v7.00e Hypertext links for LaTeX

(C:\Users\RStudio\AppData\Roaming\MiKTeX\2.9\tex/generic/pdftexcmds\pdftexcmds.
sty
Package: pdftexcmds 2020-06-27 v0.33 Utility functions of pdfTeX for LuaTeX (HO
)

(C:\Users\RStudio\AppData\Roaming\MiKTeX\2.9\tex/generic/infwarerr\infwarerr.st
y
Package: infwarerr 2019/12/03 v1.5 Providing info/warning/error messages (HO)
)
Package pdftexcmds Info: \pdf@primitive is available.
Package pdftexcmds Info: \pdf@ifprimitive is available.
Package pdftexcmds Info: \pdfdraftmode not found.
)
(C:\Users\RStudio\AppData\Roaming\MiKTeX\2.9\tex/generic/kvdefinekeys\kvdefinek
eys.sty
Package: kvdefinekeys 2019-12-19 v1.6 Define keys (HO)
)
(C:\Users\RStudio\AppData\Roaming\MiKTeX\2.9\tex/generic/pdfescape\pdfescape.st
y
Package: pdfescape 2019/12/09 v1.15 Implements pdfTeX's escape features (HO)
) (C:\Users\RStudio\AppData\Roaming\MiKTeX\2.9\tex/latex/hycolor\hycolor.sty
Package: hycolor 2020-01-27 v1.10 Color options for hyperref/bookmark (HO)
)
(C:\Users\RStudio\AppData\Roaming\MiKTeX\2.9\tex/latex/letltxmacro\letltxmacro.
sty
Package: letltxmacro 2019/12/03 v1.6 Let assignment for LaTeX macros (HO)
) (C:\Users\RStudio\AppData\Roaming\MiKTeX\2.9\tex/latex/auxhook\auxhook.sty
Package: auxhook 2019-12-17 v1.6 Hooks for auxiliary files (HO)
)
\@linkdim=\dimen148
\Hy@linkcounter=\count275
\Hy@pagecounter=\count276
("C:\Program Files\MiKTeX 2.9\tex/latex/hyperref\pd1enc.def"
File: pd1enc.def 2020-05-15 v7.00e Hyperref: PDFDocEncoding definition (HO)
) (C:\Users\RStudio\AppData\Roaming\MiKTeX\2.9\tex/generic/intcalc\intcalc.sty
Package: intcalc 2019/12/15 v1.3 Expandable calculations with integers (HO)
) (C:\Users\RStudio\AppData\Roaming\MiKTeX\2.9\tex/generic/etexcmds\etexcmds.st
y
Package: etexcmds 2019/12/15 v1.7 Avoid name clashes with e-TeX commands (HO)
)
\Hy@SavedSpaceFactor=\count277
Package hyperref Info: Option `unicode' set `true' on input line 4338.
("C:\Program Files\MiKTeX 2.9\tex/latex/hyperref\puenc.def"
File: puenc.def 2020-05-15 v7.00e Hyperref: PDF Unicode definition (HO)
)
Package hyperref Info: Hyper figures OFF on input line 4464.
Package hyperref Info: Link nesting OFF on input line 4469.
Package hyperref Info: Hyper index ON on input line 4472.
Package hyperref Info: Plain pages OFF on input line 4479.
Package hyperref Info: Backreferencing OFF on input line 4484.
Package hyperref Info: Implicit mode ON; LaTeX internals redefined.
Package hyperref Info: Bookmarks ON on input line 4717.
\c@Hy@tempcnt=\count278
LaTeX Info: Redefining \url on input line 5076.
\XeTeXLinkMargin=\dimen149
(C:\Users\RStudio\AppData\Roaming\MiKTeX\2.9\tex/generic/bitset\bitset.sty
Package: bitset 2019/12/09 v1.3 Handle bit-vector datatype (HO)

(C:\Users\RStudio\AppData\Roaming\MiKTeX\2.9\tex/generic/bigintcalc\bigintcalc.
sty
Package: bigintcalc 2019/12/15 v1.5 Expandable calculations on big integers (HO
)
))
\Fld@menulength=\count279
\Field@Width=\dimen150
\Fld@charsize=\dimen151
Package hyperref Info: Hyper figures OFF on input line 6347.
Package hyperref Info: Link nesting OFF on input line 6352.
Package hyperref Info: Hyper index ON on input line 6355.
Package hyperref Info: backreferencing OFF on input line 6362.
Package hyperref Info: Link coloring OFF on input line 6367.
Package hyperref Info: Link coloring with OCG OFF on input line 6372.
Package hyperref Info: PDF/A mode OFF on input line 6377.
LaTeX Info: Redefining \ref on input line 6417.
LaTeX Info: Redefining \pageref on input line 6421.
(C:\Users\RStudio\AppData\Roaming\MiKTeX\2.9\tex/generic/atbegshi\atbegshi.sty
Package: atbegshi 2019/12/05 v1.19 At begin shipout hook (HO)
)
\Hy@abspage=\count280
\c@Item=\count281
\c@Hfootnote=\count282
)
Package hyperref Info: Driver (autodetected): hxetex.
("C:\Program Files\MiKTeX 2.9\tex/latex/hyperref\hxetex.def"
File: hxetex.def 2020-05-15 v7.00e Hyperref driver for XeTeX

(C:\Users\RStudio\AppData\Roaming\MiKTeX\2.9\tex/generic/stringenc\stringenc.st
y
Package: stringenc 2019/11/29 v1.12 Convert strings between diff. encodings (HO
)
)
\pdfm@box=\box48
\c@Hy@AnnotLevel=\count283
\HyField@AnnotCount=\count284
\Fld@listcount=\count285
\c@bookmark@seq@number=\count286

(C:\Users\RStudio\AppData\Roaming\MiKTeX\2.9\tex/latex/rerunfilecheck\rerunfile
check.sty
Package: rerunfilecheck 2019/12/05 v1.9 Rerun checks for auxiliary files (HO)
(C:\Users\RStudio\AppData\Roaming\MiKTeX\2.9\tex/latex/atveryend\atveryend.sty
Package: atveryend 2019-12-11 v1.11 Hooks at the very end of document (HO)
)
(C:\Users\RStudio\AppData\Roaming\MiKTeX\2.9\tex/generic/uniquecounter\uniqueco
unter.sty
Package: uniquecounter 2019/12/15 v1.4 Provide unlimited unique counter (HO)
)
Package uniquecounter Info: New unique counter `rerunfilecheck' on input line 2
86.
)
\Hy@SectionHShift=\skip52
)
(C:\Users\RStudio\AppData\Roaming\MiKTeX\2.9\tex/latex/bookmark\bkm-dvipdfm.def
File: bkm-dvipdfm.def 2019/12/03 v1.28 bookmark driver for dvipdfm (HO)
\BKM@id=\count287
)) ("C:\Program Files\MiKTeX 2.9\tex/latex/fancyvrb\fancyvrb.sty"
Package: fancyvrb 2020/05/03 v3.6 verbatim text (tvz,hv)
\FV@CodeLineNo=\count288
\FV@InFile=\read2
\FV@TabBox=\box49
\c@FancyVerbLine=\count289
\FV@StepNumber=\count290
\FV@OutFile=\write3
) ("C:\Program Files\MiKTeX 2.9\tex/latex/framed\framed.sty"
Package: framed 2011/10/22 v 0.96: framed or shaded text with page breaks
\OuterFrameSep=\skip53
\fb@frw=\dimen152
\fb@frh=\dimen153
\FrameRule=\dimen154
\FrameSep=\dimen155
) ("C:\Program Files\MiKTeX 2.9\tex/latex/tools\longtable.sty"
Package: longtable 2020/01/07 v4.13 Multi-page Table package (DPC)
\LTleft=\skip54
\LTright=\skip55
\LTpre=\skip56
\LTpost=\skip57
\LTchunksize=\count291
\LTcapwidth=\dimen156
\LT@head=\box50
\LT@firsthead=\box51
\LT@foot=\box52
\LT@lastfoot=\box53
\LT@cols=\count292
\LT@rows=\count293
\c@LT@tables=\count294
\c@LT@chunks=\count295
\LT@p@ftn=\toks22
) ("C:\Program Files\MiKTeX 2.9\tex/latex/booktabs\booktabs.sty"
Package: booktabs 2020/01/12 v1.61803398 Publication quality tables
\heavyrulewidth=\dimen157
\lightrulewidth=\dimen158
\cmidrulewidth=\dimen159
\belowrulesep=\dimen160
\belowbottomsep=\dimen161
\aboverulesep=\dimen162
\abovetopsep=\dimen163
\cmidrulesep=\dimen164
\cmidrulekern=\dimen165
\defaultaddspace=\dimen166
\@cmidla=\count296
\@cmidlb=\count297
\@aboverulesep=\dimen167
\@belowrulesep=\dimen168
\@thisruleclass=\count298
\@lastruleclass=\count299
\@thisrulewidth=\dimen169
) ("C:\Program Files\MiKTeX 2.9\tex/latex/tools\array.sty"
Package: array 2019/08/31 v2.4l Tabular extension package (FMi)
\col@sep=\dimen170
\ar@mcellbox=\box54
\extrarowheight=\dimen171
\NC@list=\toks23
\extratabsurround=\skip58
\backup@length=\skip59
\ar@cellbox=\box55
) ("C:\Program Files\MiKTeX 2.9\tex/latex/tools\calc.sty"
Package: calc 2017/05/25 v4.3 Infix arithmetic (KKT,FJ)
\calc@Acount=\count300
\calc@Bcount=\count301
\calc@Adimen=\dimen172
\calc@Bdimen=\dimen173
\calc@Askip=\skip60
\calc@Bskip=\skip61
LaTeX Info: Redefining \setlength on input line 80.
LaTeX Info: Redefining \addtolength on input line 81.
\calc@Ccount=\count302
\calc@Cskip=\skip62
) ("C:\Program Files\MiKTeX 2.9\tex/latex/footnotehyper\footnotehyper.sty"
Package: footnotehyper 2019/11/07 v1.1a hyperref aware footnote.sty (JFB)
\FNH@notes=\box56
\FNH@width=\dimen174
) ("C:\Program Files\MiKTeX 2.9\tex/latex/graphics\graphicx.sty"
Package: graphicx 2019/11/30 v1.2a Enhanced LaTeX Graphics (DPC,SPQR)
("C:\Program Files\MiKTeX 2.9\tex/latex/graphics\graphics.sty"
Package: graphics 2019/11/30 v1.4a Standard LaTeX Graphics (DPC,SPQR)
("C:\Program Files\MiKTeX 2.9\tex/latex/graphics\trig.sty"
Package: trig 2016/01/03 v1.10 sin cos tan (DPC)
) ("C:\Program Files\MiKTeX 2.9\tex/latex/graphics-cfg\graphics.cfg"
File: graphics.cfg 2016/06/04 v1.11 sample graphics configuration
)
Package graphics Info: Driver file: xetex.def on input line 105.
)
\Gin@req@height=\dimen175
\Gin@req@width=\dimen176
) ("C:\Program Files\MiKTeX 2.9\tex/latex/natbib\natbib.sty"
Package: natbib 2010/09/13 8.31b (PWD, AO)
\bibhang=\skip63
\bibsep=\skip64
LaTeX Info: Redefining \cite on input line 694.
\c@NAT@ctr=\count303
) (advancedr_2021_22_1.aux)
\openout1 = `advancedr_2021_22_1.aux'.

LaTeX Font Info:    Checking defaults for OML/cmm/m/it on input line 122.
LaTeX Font Info:    ... okay on input line 122.
LaTeX Font Info:    Checking defaults for OMS/cmsy/m/n on input line 122.
LaTeX Font Info:    ... okay on input line 122.
LaTeX Font Info:    Checking defaults for OT1/cmr/m/n on input line 122.
LaTeX Font Info:    ... okay on input line 122.
LaTeX Font Info:    Checking defaults for T1/cmr/m/n on input line 122.
LaTeX Font Info:    ... okay on input line 122.
LaTeX Font Info:    Checking defaults for TS1/cmr/m/n on input line 122.
LaTeX Font Info:    ... okay on input line 122.
LaTeX Font Info:    Checking defaults for TU/lmr/m/n on input line 122.
LaTeX Font Info:    ... okay on input line 122.
LaTeX Font Info:    Checking defaults for OMX/cmex/m/n on input line 122.
LaTeX Font Info:    ... okay on input line 122.
LaTeX Font Info:    Checking defaults for U/cmr/m/n on input line 122.
LaTeX Font Info:    ... okay on input line 122.
LaTeX Font Info:    Checking defaults for PD1/pdf/m/n on input line 122.
LaTeX Font Info:    ... okay on input line 122.
LaTeX Font Info:    Checking defaults for PU/pdf/m/n on input line 122.
LaTeX Font Info:    ... okay on input line 122.
LaTeX Font Info:    Overwriting math alphabet `\mathrm' in version `normal'
(Font)                  OT1/lmr/m/n --> TU/lmr/m/n on input line 122.
LaTeX Font Info:    Overwriting math alphabet `\mathit' in version `normal'
(Font)                  OT1/lmr/m/it --> TU/lmr/m/it on input line 122.
LaTeX Font Info:    Overwriting math alphabet `\mathbf' in version `normal'
(Font)                  OT1/lmr/bx/n --> TU/lmr/bx/n on input line 122.
LaTeX Font Info:    Overwriting math alphabet `\mathsf' in version `normal'
(Font)                  OT1/lmss/m/n --> TU/lmss/m/n on input line 122.
LaTeX Font Info:    Overwriting math alphabet `\mathsf' in version `bold'
(Font)                  OT1/lmss/bx/n --> TU/lmss/bx/n on input line 122.
LaTeX Font Info:    Overwriting math alphabet `\mathtt' in version `normal'
(Font)                  OT1/lmtt/m/n --> TU/lmtt/m/n on input line 122.
LaTeX Font Info:    Overwriting math alphabet `\mathtt' in version `bold'
(Font)                  OT1/lmtt/m/n --> TU/lmtt/bx/n on input line 122.

Package fontspec Info: latinmodern-math scale = 0.9999964596882403.


Package fontspec Info: latinmodern-math scale = 0.9999964596882403.


Package fontspec Info: latinmodern-math scale = 0.9999964596882403.


Package fontspec Info: Font family 'latinmodern-math.otf(0)' created for font
(fontspec)             'latinmodern-math.otf' with options
(fontspec)             [Scale=MatchLowercase,BoldItalicFont={},ItalicFont={},Sm
allCapsFont={},Script=Math,BoldFont={latinmodern-math.otf}].
(fontspec)              
(fontspec)              This font family consists of the following NFSS
(fontspec)             series/shapes:
(fontspec)              
(fontspec)             - 'normal' (m/n) with NFSS spec.:
(fontspec)             <->s*[0.9999964596882403]"[latinmodern-math.otf]/OT:scri
pt=math;language=dflt;"
(fontspec)             - 'small caps'  (m/sc) with NFSS spec.: 
(fontspec)             - 'bold' (b/n) with NFSS spec.:
(fontspec)             <->s*[0.9999964596882403]"[latinmodern-math.otf]/OT:scri
pt=math;language=dflt;"
(fontspec)             - 'bold small caps'  (b/sc) with NFSS spec.: 

LaTeX Font Info:    Font shape `TU/latinmodern-math.otf(0)/m/n' will be
(Font)              scaled to size 10.0pt on input line 122.

Package fontspec Info: latinmodern-math scale = 0.9999964596882403.


Package fontspec Info: latinmodern-math scale = 0.9999964596882403.


Package fontspec Info: latinmodern-math scale = 0.9999964596882403.


Package fontspec Info: latinmodern-math scale = 0.9999964596882403.


Package fontspec Info: latinmodern-math scale = 0.9999964596882403.


Package fontspec Info: Font family 'latinmodern-math.otf(1)' created for font
(fontspec)             'latinmodern-math.otf' with options
(fontspec)             [Scale=MatchLowercase,BoldItalicFont={},ItalicFont={},Sm
allCapsFont={},Script=Math,SizeFeatures={{Size=8.5-},{Size=6-8.5,Font=latinmode
rn-math.otf,Style=MathScript},{Size=-6,Font=latinmodern-math.otf,Style=MathScri
ptScript}},BoldFont={latinmodern-math.otf}].
(fontspec)              
(fontspec)              This font family consists of the following NFSS
(fontspec)             series/shapes:
(fontspec)              
(fontspec)             - 'normal' (m/n) with NFSS spec.:
(fontspec)             <8.5->s*[0.9999964596882403]"[latinmodern-math.otf]/OT:s
cript=math;language=dflt;"<6-8.5>s*[0.9999964596882403]"[latinmodern-math.otf]/
OT:script=math;language=dflt;+ssty=0;"<-6>s*[0.9999964596882403]"[latinmodern-m
ath.otf]/OT:script=math;language=dflt;+ssty=1;"
(fontspec)             - 'small caps'  (m/sc) with NFSS spec.: 
(fontspec)             - 'bold' (b/n) with NFSS spec.:
(fontspec)             <->s*[0.9999964596882403]"[latinmodern-math.otf]/OT:scri
pt=math;language=dflt;"
(fontspec)             - 'bold small caps'  (b/sc) with NFSS spec.: 

LaTeX Font Info:    Font shape `TU/latinmodern-math.otf(1)/m/n' will be
(Font)              scaled to size 10.0pt on input line 122.
LaTeX Font Info:    Encoding `OT1' has changed to `TU' for symbol font
(Font)              `operators' in the math version `normal' on input line 122.

LaTeX Font Info:    Overwriting symbol font `operators' in version `normal'
(Font)                  OT1/lmr/m/n --> TU/latinmodern-math.otf(1)/m/n on input
 line 122.
LaTeX Font Info:    Encoding `OT1' has changed to `TU' for symbol font
(Font)              `operators' in the math version `bold' on input line 122.
LaTeX Font Info:    Overwriting symbol font `operators' in version `bold'
(Font)                  OT1/lmr/bx/n --> TU/latinmodern-math.otf(1)/b/n on inpu
t line 122.

Package fontspec Info: latinmodern-math scale = 0.9999964596882403.


Package fontspec Info: latinmodern-math scale = 1.000096459334209.


Package fontspec Info: latinmodern-math scale = 0.9999964596882403.


Package fontspec Info: latinmodern-math scale = 1.000096459334209.


Package fontspec Info: latinmodern-math scale = 0.9999964596882403.


Package fontspec Info: latinmodern-math scale = 1.000096459334209.


Package fontspec Info: latinmodern-math scale = 0.9999964596882403.


Package fontspec Info: latinmodern-math scale = 1.000096459334209.


Package fontspec Info: latinmodern-math scale = 0.9999964596882403.


Package fontspec Info: latinmodern-math scale = 1.000096459334209.


Package fontspec Info: Font family 'latinmodern-math.otf(2)' created for font
(fontspec)             'latinmodern-math.otf' with options
(fontspec)             [Scale=MatchLowercase,BoldItalicFont={},ItalicFont={},Sm
allCapsFont={},Script=Math,SizeFeatures={{Size=8.5-},{Size=6-8.5,Font=latinmode
rn-math.otf,Style=MathScript},{Size=-6,Font=latinmodern-math.otf,Style=MathScri
ptScript}},BoldFont={latinmodern-math.otf},ScaleAgain=1.0001,FontAdjustment={\f
ontdimen
(fontspec)             8\font =6.77pt\relax \fontdimen 9\font =3.94pt\relax
(fontspec)             \fontdimen 10\font =4.44pt\relax \fontdimen 11\font
(fontspec)             =6.86pt\relax \fontdimen 12\font =3.45pt\relax
(fontspec)             \fontdimen 13\font =3.63pt\relax \fontdimen 14\font
(fontspec)             =3.63pt\relax \fontdimen 15\font =2.89pt\relax
(fontspec)             \fontdimen 16\font =2.47pt\relax \fontdimen 17\font
(fontspec)             =2.47pt\relax \fontdimen 18\font =2.5pt\relax
(fontspec)             \fontdimen 19\font =2.0pt\relax \fontdimen 22\font
(fontspec)             =2.5pt\relax \fontdimen 20\font =0pt\relax \fontdimen
(fontspec)             21\font =0pt\relax }].
(fontspec)              
(fontspec)              This font family consists of the following NFSS
(fontspec)             series/shapes:
(fontspec)              
(fontspec)             - 'normal' (m/n) with NFSS spec.:
(fontspec)             <8.5->s*[1.000096459334209]"[latinmodern-math.otf]/OT:sc
ript=math;language=dflt;"<6-8.5>s*[1.000096459334209]"[latinmodern-math.otf]/OT
:script=math;language=dflt;+ssty=0;"<-6>s*[1.000096459334209]"[latinmodern-math
.otf]/OT:script=math;language=dflt;+ssty=1;"
(fontspec)             - 'small caps'  (m/sc) with NFSS spec.: 
(fontspec)             and font adjustment code:
(fontspec)             \fontdimen 8\font =6.77pt\relax \fontdimen 9\font
(fontspec)             =3.94pt\relax \fontdimen 10\font =4.44pt\relax
(fontspec)             \fontdimen 11\font =6.86pt\relax \fontdimen 12\font
(fontspec)             =3.45pt\relax \fontdimen 13\font =3.63pt\relax
(fontspec)             \fontdimen 14\font =3.63pt\relax \fontdimen 15\font
(fontspec)             =2.89pt\relax \fontdimen 16\font =2.47pt\relax
(fontspec)             \fontdimen 17\font =2.47pt\relax \fontdimen 18\font
(fontspec)             =2.5pt\relax \fontdimen 19\font =2.0pt\relax \fontdimen
(fontspec)             22\font =2.5pt\relax \fontdimen 20\font =0pt\relax
(fontspec)             \fontdimen 21\font =0pt\relax 
(fontspec)             - 'bold' (b/n) with NFSS spec.:
(fontspec)             <->s*[1.000096459334209]"[latinmodern-math.otf]/OT:scrip
t=math;language=dflt;"
(fontspec)             - 'bold small caps'  (b/sc) with NFSS spec.: 
(fontspec)             and font adjustment code:
(fontspec)             \fontdimen 8\font =6.77pt\relax \fontdimen 9\font
(fontspec)             =3.94pt\relax \fontdimen 10\font =4.44pt\relax
(fontspec)             \fontdimen 11\font =6.86pt\relax \fontdimen 12\font
(fontspec)             =3.45pt\relax \fontdimen 13\font =3.63pt\relax
(fontspec)             \fontdimen 14\font =3.63pt\relax \fontdimen 15\font
(fontspec)             =2.89pt\relax \fontdimen 16\font =2.47pt\relax
(fontspec)             \fontdimen 17\font =2.47pt\relax \fontdimen 18\font
(fontspec)             =2.5pt\relax \fontdimen 19\font =2.0pt\relax \fontdimen
(fontspec)             22\font =2.5pt\relax \fontdimen 20\font =0pt\relax
(fontspec)             \fontdimen 21\font =0pt\relax 

LaTeX Font Info:    Encoding `OMS' has changed to `TU' for symbol font
(Font)              `symbols' in the math version `normal' on input line 122.
LaTeX Font Info:    Overwriting symbol font `symbols' in version `normal'
(Font)                  OMS/lmsy/m/n --> TU/latinmodern-math.otf(2)/m/n on inpu
t line 122.
LaTeX Font Info:    Encoding `OMS' has changed to `TU' for symbol font
(Font)              `symbols' in the math version `bold' on input line 122.
LaTeX Font Info:    Overwriting symbol font `symbols' in version `bold'
(Font)                  OMS/lmsy/b/n --> TU/latinmodern-math.otf(2)/b/n on inpu
t line 122.

Package fontspec Info: latinmodern-math scale = 0.9999964596882403.


Package fontspec Info: latinmodern-math scale = 0.9998964600422715.


Package fontspec Info: latinmodern-math scale = 0.9999964596882403.


Package fontspec Info: latinmodern-math scale = 0.9998964600422715.


Package fontspec Info: latinmodern-math scale = 0.9999964596882403.


Package fontspec Info: latinmodern-math scale = 0.9998964600422715.


Package fontspec Info: latinmodern-math scale = 0.9999964596882403.


Package fontspec Info: latinmodern-math scale = 0.9998964600422715.


Package fontspec Info: latinmodern-math scale = 0.9999964596882403.


Package fontspec Info: latinmodern-math scale = 0.9998964600422715.


Package fontspec Info: Font family 'latinmodern-math.otf(3)' created for font
(fontspec)             'latinmodern-math.otf' with options
(fontspec)             [Scale=MatchLowercase,BoldItalicFont={},ItalicFont={},Sm
allCapsFont={},Script=Math,SizeFeatures={{Size=8.5-},{Size=6-8.5,Font=latinmode
rn-math.otf,Style=MathScript},{Size=-6,Font=latinmodern-math.otf,Style=MathScri
ptScript}},BoldFont={latinmodern-math.otf},ScaleAgain=0.9999,FontAdjustment={\f
ontdimen
(fontspec)             8\font =0.4pt\relax \fontdimen 9\font =2.0pt\relax
(fontspec)             \fontdimen 10\font =1.67pt\relax \fontdimen 11\font
(fontspec)             =1.11pt\relax \fontdimen 12\font =6.0pt\relax
(fontspec)             \fontdimen 13\font =0pt\relax }].
(fontspec)              
(fontspec)              This font family consists of the following NFSS
(fontspec)             series/shapes:
(fontspec)              
(fontspec)             - 'normal' (m/n) with NFSS spec.:
(fontspec)             <8.5->s*[0.9998964600422715]"[latinmodern-math.otf]/OT:s
cript=math;language=dflt;"<6-8.5>s*[0.9998964600422715]"[latinmodern-math.otf]/
OT:script=math;language=dflt;+ssty=0;"<-6>s*[0.9998964600422715]"[latinmodern-m
ath.otf]/OT:script=math;language=dflt;+ssty=1;"
(fontspec)             - 'small caps'  (m/sc) with NFSS spec.: 
(fontspec)             and font adjustment code:
(fontspec)             \fontdimen 8\font =0.4pt\relax \fontdimen 9\font
(fontspec)             =2.0pt\relax \fontdimen 10\font =1.67pt\relax
(fontspec)             \fontdimen 11\font =1.11pt\relax \fontdimen 12\font
(fontspec)             =6.0pt\relax \fontdimen 13\font =0pt\relax 
(fontspec)             - 'bold' (b/n) with NFSS spec.:
(fontspec)             <->s*[0.9998964600422715]"[latinmodern-math.otf]/OT:scri
pt=math;language=dflt;"
(fontspec)             - 'bold small caps'  (b/sc) with NFSS spec.: 
(fontspec)             and font adjustment code:
(fontspec)             \fontdimen 8\font =0.4pt\relax \fontdimen 9\font
(fontspec)             =2.0pt\relax \fontdimen 10\font =1.67pt\relax
(fontspec)             \fontdimen 11\font =1.11pt\relax \fontdimen 12\font
(fontspec)             =6.0pt\relax \fontdimen 13\font =0pt\relax 

LaTeX Font Info:    Encoding `OMX' has changed to `TU' for symbol font
(Font)              `largesymbols' in the math version `normal' on input line 1
22.
LaTeX Font Info:    Overwriting symbol font `largesymbols' in version `normal'
(Font)                  OMX/lmex/m/n --> TU/latinmodern-math.otf(3)/m/n on inpu
t line 122.
LaTeX Font Info:    Encoding `OMX' has changed to `TU' for symbol font
(Font)              `largesymbols' in the math version `bold' on input line 122
.
LaTeX Font Info:    Overwriting symbol font `largesymbols' in version `bold'
(Font)                  OMX/lmex/m/n --> TU/latinmodern-math.otf(3)/b/n on inpu
t line 122.
LaTeX Info: Redefining \microtypecontext on input line 122.
Package microtype Info: Character protrusion enabled (level 2).
Package microtype Info: Using protrusion set `basicmath'.
Package microtype Info: No adjustment of tracking.
Package microtype Info: No adjustment of spacing.
Package microtype Info: No adjustment of kerning.
("C:\Program Files\MiKTeX 2.9\tex/latex/microtype\mt-LatinModernRoman.cfg"
File: mt-LatinModernRoman.cfg 2013/03/13 v1.0 microtype config. file: Latin Mod
ern Roman (RS)
)
\AtBeginShipoutBox=\box57
Package hyperref Info: Link coloring OFF on input line 122.
("C:\Program Files\MiKTeX 2.9\tex/latex/hyperref\nameref.sty"
Package: nameref 2019/09/16 v2.46 Cross-referencing by name of section
(C:\Users\RStudio\AppData\Roaming\MiKTeX\2.9\tex/latex/refcount\refcount.sty
Package: refcount 2019/12/15 v3.6 Data extraction from label references (HO)
)
(C:\Users\RStudio\AppData\Roaming\MiKTeX\2.9\tex/generic/gettitlestring\gettitl
estring.sty
Package: gettitlestring 2019/12/15 v1.6 Cleanup title references (HO)
)
\c@section@level=\count304
)
LaTeX Info: Redefining \ref on input line 122.
LaTeX Info: Redefining \pageref on input line 122.
LaTeX Info: Redefining \nameref on input line 122.
LaTeX Font Info:    Font shape `TU/latinmodern-math.otf(1)/m/n' will be
(Font)              scaled to size 12.0pt on input line 124.
LaTeX Font Info:    Font shape `TU/latinmodern-math.otf(1)/m/n' will be
(Font)              scaled to size 8.0pt on input line 124.
LaTeX Font Info:    Font shape `TU/latinmodern-math.otf(1)/m/n' will be
(Font)              scaled to size 6.0pt on input line 124.
LaTeX Font Info:    Trying to load font information for OML+lmm on input line 1
24.
("C:\Program Files\MiKTeX 2.9\tex/latex/lm\omllmm.fd"
File: omllmm.fd 2009/10/30 v1.6 Font defs for Latin Modern
)
LaTeX Font Info:    Font shape `TU/latinmodern-math.otf(2)/m/n' will be
(Font)              scaled to size 12.0011pt on input line 124.
LaTeX Font Info:    Font shape `TU/latinmodern-math.otf(2)/m/n' will be
(Font)              scaled to size 8.00073pt on input line 124.
LaTeX Font Info:    Font shape `TU/latinmodern-math.otf(2)/m/n' will be
(Font)              scaled to size 6.00055pt on input line 124.
LaTeX Font Info:    Font shape `TU/latinmodern-math.otf(3)/m/n' will be
(Font)              scaled to size 11.99872pt on input line 124.
LaTeX Font Info:    Font shape `TU/latinmodern-math.otf(3)/m/n' will be
(Font)              scaled to size 7.99915pt on input line 124.
LaTeX Font Info:    Font shape `TU/latinmodern-math.otf(3)/m/n' will be
(Font)              scaled to size 5.99936pt on input line 124.
LaTeX Font Info:    Trying to load font information for U+msa on input line 124
.
("C:\Program Files\MiKTeX 2.9\tex/latex/amsfonts\umsa.fd"
File: umsa.fd 2013/01/14 v3.01 AMS symbols A
) ("C:\Program Files\MiKTeX 2.9\tex/latex/microtype\mt-msa.cfg"
File: mt-msa.cfg 2006/02/04 v1.1 microtype config. file: AMS symbols (a) (RS)
)
LaTeX Font Info:    Trying to load font information for U+msb on input line 124
.
("C:\Program Files\MiKTeX 2.9\tex/latex/amsfonts\umsb.fd"
File: umsb.fd 2013/01/14 v3.01 AMS symbols B
) ("C:\Program Files\MiKTeX 2.9\tex/latex/microtype\mt-msb.cfg"
File: mt-msb.cfg 2005/06/01 v1.0 microtype config. file: AMS symbols (b) (RS)
) [1


] [2

] (advancedr_2021_22_1.toc
LaTeX Font Info:    Font shape `TU/latinmodern-math.otf(1)/m/n' will be
(Font)              scaled to size 7.0pt on input line 3.
LaTeX Font Info:    Font shape `TU/latinmodern-math.otf(1)/m/n' will be
(Font)              scaled to size 5.0pt on input line 3.
LaTeX Font Info:    Font shape `TU/latinmodern-math.otf(2)/m/n' will be
(Font)              scaled to size 10.00092pt on input line 3.
LaTeX Font Info:    Font shape `TU/latinmodern-math.otf(2)/m/n' will be
(Font)              scaled to size 7.00064pt on input line 3.
LaTeX Font Info:    Font shape `TU/latinmodern-math.otf(2)/m/n' will be
(Font)              scaled to size 5.00046pt on input line 3.
LaTeX Font Info:    Font shape `TU/latinmodern-math.otf(3)/m/n' will be
(Font)              scaled to size 9.99893pt on input line 3.
LaTeX Font Info:    Font shape `TU/latinmodern-math.otf(3)/m/n' will be
(Font)              scaled to size 6.99925pt on input line 3.
LaTeX Font Info:    Font shape `TU/latinmodern-math.otf(3)/m/n' will be
(Font)              scaled to size 4.99947pt on input line 3.
[3])
\tf@toc=\write4
\openout4 = `advancedr_2021_22_1.toc'.

[4]
Chapter 1.
[5

] [6

]
Chapter 2.

Underfull \vbox (badness 3019) has occurred while \output is active []

[7]
Underfull \hbox (badness 2799) in paragraph at lines 212--214
\TU/lmr/m/n/10 vector where the \TU/lmtt/m/n/10 TopSalary \TU/lmr/m/n/10 is gre
ater than $400,000? (Hints:
 []

[8]
Overfull \hbox (47.70006pt too wide) in paragraph at lines 261--296
[][] 
 []


Underfull \vbox (badness 1496) has occurred while \output is active []

[9]
Underfull \hbox (badness 3158) in paragraph at lines 360--361
[]\TU/lmr/m/n/10 Find the correlation between the span of the student’s writing

 []


Underfull \hbox (badness 2538) in paragraph at lines 360--361
\TU/lmr/m/n/10 hand (\TU/lmtt/m/n/10 Wr.Hnd\TU/lmr/m/n/10 ) and nonwriting hand
 (\TU/lmtt/m/n/10 NW.Hnd\TU/lmr/m/n/10 ). (Hints: \TU/lmtt/m/n/10 cor()\TU/lmr/
m/n/10 ,
 []

[10]
Underfull \hbox (badness 1590) in paragraph at lines 394--395
[]\TU/lmr/m/n/10 Generate a boxplot of the student’s total score \TU/lmtt/m/n/1
0 totalscore \TU/lmr/m/n/10 split
 []

[11] [12

]
Chapter 3.
[13] [14]
File: image/rmarkdown.jpg Graphic file (type bmp)
<image/rmarkdown.jpg>

Overfull \hbox (486.04869pt too wide) in paragraph at lines 514--514
[][] 
 []

[15] [16] [17] [18]
Underfull \hbox (badness 1102) in paragraph at lines 678--679
[]\TU/lmr/m/n/10 If the format is from the \TU/lmr/bx/n/10 rmarkdown \TU/lmr/m/
n/10 package, you do not need the
 []

[19] [20]
Chapter 4.
[21

] [22] [23]
Underfull \vbox (badness 10000) has occurred while \output is active []

[24] [25] [26] [27]
File: 03-datamanipulation_files/figure-latex/unnamed-chunk-10-1.pdf Graphic fil
e (type pdf)
<use 03-datamanipulation_files/figure-latex/unnamed-chunk-10-1.pdf>
[28] [29]
Underfull \vbox (badness 10000) detected at line 1217
 []


Underfull \vbox (badness 10000) detected at line 1217
 []

[30] [31] [32] [33]
Underfull \vbox (badness 10000) detected at line 1425
 []


Underfull \vbox (badness 10000) has occurred while \output is active []

[34]
Overfull \vbox (2.04126pt too high) detected at line 1487
 []

[35] [36] [37] [38] [39] [40] [41]
Underfull \vbox (badness 10000) has occurred while \output is active []

[42]
Underfull \vbox (badness 10000) detected at line 1895
 []


Underfull \vbox (badness 10000) has occurred while \output is active []

[43] [44] [45] [46] [47] [48] [49]
Underfull \vbox (badness 1308) detected at line 2227
 []

[50]
LaTeX Font Info:    Font shape `TU/lmtt/bx/n' in size <10> not available
(Font)              Font shape `TU/lmtt/b/n' tried instead on input line 2292.

Overfull \vbox (2.05995pt too high) detected at line 2305
 []

[51]
Underfull \vbox (badness 10000) has occurred while \output is active []

[52] [53] [54] [55] [56] [57] [58] [59]
Overfull \vbox (0.74127pt too high) detected at line 2751
 []

[60]
File: 03-datamanipulation_files/figure-latex/unnamed-chunk-52-1.pdf Graphic fil
e (type pdf)
<use 03-datamanipulation_files/figure-latex/unnamed-chunk-52-1.pdf>

Underfull \vbox (badness 10000) has occurred while \output is active []

[61]
File: 03-datamanipulation_files/figure-latex/unnamed-chunk-52-2.pdf Graphic fil
e (type pdf)
<use 03-datamanipulation_files/figure-latex/unnamed-chunk-52-2.pdf>

Underfull \vbox (badness 2253) has occurred while \output is active []

[62]
File: 03-datamanipulation_files/figure-latex/unnamed-chunk-52-3.pdf Graphic fil
e (type pdf)
<use 03-datamanipulation_files/figure-latex/unnamed-chunk-52-3.pdf>
[63] [64] [65] [66]
Underfull \hbox (badness 1596) in paragraph at lines 3018--3019
\TU/lmr/m/n/10 While the function \TU/lmtt/m/n/10 factor() \TU/lmr/m/n/10 is us
ed to create a factor, the function
 []

[67] [68] [69] [70] [71] [72] [73] [74]
Underfull \vbox (badness 3646) has occurred while \output is active []

[75] [76]
Underfull \vbox (badness 10000) has occurred while \output is active []

[77]

LaTeX Font Warning: Font shape `TU/lmtt/bx/it' in size <10> not available
(Font)              Font shape `TU/lmtt/b/sl' tried instead on input line 3566.



Overfull \vbox (2.00078pt too high) detected at line 3610
 []

[78]
Underfull \vbox (badness 5548) has occurred while \output is active []

[79] [80] [81] [82] [83] [84] [85] [86] [87]
Overfull \vbox (0.56288pt too high) detected at line 4251
 []

[88]
Overfull \vbox (0.67995pt too high) detected at line 4308
 []

[89] [90] [91] [92] [93] [94

]
Chapter 5.
[95]
File: 04-tidyverser_files/figure-latex/unnamed-chunk-2-1.pdf Graphic file (type
 pdf)
<use 04-tidyverser_files/figure-latex/unnamed-chunk-2-1.pdf>
[96] [97] [98] [99]
Overfull \hbox (4.75601pt too wide) in paragraph at lines 4714--4715
\TU/lmr/m/n/10 The functions \TU/lmtt/m/n/10 write_csv()\TU/lmr/m/n/10 , \TU/lm
tt/m/n/10 write_delim()\TU/lmr/m/n/10 , \TU/lmtt/m/n/10 write_excel_csv()\TU/lm
r/m/n/10 , \TU/lmtt/m/n/10 write_tsv()
 []


Overfull \vbox (0.46289pt too high) detected at line 4731
 []

[100] [101] [102]
Underfull \vbox (badness 10000) detected at line 4903
 []


Underfull \vbox (badness 10000) detected at line 4903
 []

[103] [104]
Underfull \vbox (badness 10000) detected at line 5013
 []


Underfull \vbox (badness 10000) detected at line 5013
 []

[105]
Underfull \vbox (badness 10000) has occurred while \output is active []

[106]
Underfull \vbox (badness 10000) detected at line 5083
 []


Underfull \vbox (badness 10000) has occurred while \output is active []

[107] [108]
Underfull \vbox (badness 10000) detected at line 5206
 []


Underfull \vbox (badness 10000) detected at line 5206
 []

[109] [110] [111] [112] [113]
Overfull \vbox (0.63576pt too high) detected at line 5456
 []

[114]
File: 04-tidyverser_files/figure-latex/unnamed-chunk-26-1.pdf Graphic file (typ
e pdf)
<use 04-tidyverser_files/figure-latex/unnamed-chunk-26-1.pdf>
File: 04-tidyverser_files/figure-latex/unnamed-chunk-26-2.pdf Graphic file (typ
e pdf)
<use 04-tidyverser_files/figure-latex/unnamed-chunk-26-2.pdf>

Underfull \vbox (badness 10000) has occurred while \output is active []

[115]
File: 04-tidyverser_files/figure-latex/unnamed-chunk-26-3.pdf Graphic file (typ
e pdf)
<use 04-tidyverser_files/figure-latex/unnamed-chunk-26-3.pdf>
[116] [117]
Underfull \vbox (badness 10000) detected at line 5622
 []


Underfull \vbox (badness 10000) detected at line 5622
 []

[118]
Underfull \vbox (badness 10000) has occurred while \output is active []

[119]
Overfull \vbox (1.37288pt too high) detected at line 5709
 []

[120]
File: 04-tidyverser_files/figure-latex/unnamed-chunk-33-1.pdf Graphic file (typ
e pdf)
<use 04-tidyverser_files/figure-latex/unnamed-chunk-33-1.pdf>
File: 04-tidyverser_files/figure-latex/unnamed-chunk-33-2.pdf Graphic file (typ
e pdf)
<use 04-tidyverser_files/figure-latex/unnamed-chunk-33-2.pdf>

Underfull \vbox (badness 10000) has occurred while \output is active []

[121]
File: 04-tidyverser_files/figure-latex/unnamed-chunk-34-1.pdf Graphic file (typ
e pdf)
<use 04-tidyverser_files/figure-latex/unnamed-chunk-34-1.pdf>

Underfull \vbox (badness 10000) has occurred while \output is active []

[122] [123] [124]
Underfull \vbox (badness 10000) detected at line 5944
 []


Underfull \vbox (badness 10000) detected at line 5944
 []

[125]
Underfull \vbox (badness 10000) detected at line 5944
 []


Underfull \vbox (badness 10000) detected at line 5944
 []

[126] [127] [128] [129]
Overfull \vbox (2.21999pt too high) detected at line 6283
 []

[130]
Underfull \vbox (badness 10000) detected at line 6283
 []


Underfull \vbox (badness 10000) detected at line 6283
 []

[131]
Underfull \vbox (badness 10000) detected at line 6283
 []


Underfull \vbox (badness 10000) detected at line 6283
 []

[132]
Underfull \vbox (badness 10000) detected at line 6283
 []


Underfull \vbox (badness 10000) detected at line 6283
 []

[133] [134] [135]
Underfull \vbox (badness 1308) detected at line 6436
 []

[136] [137]
Underfull \vbox (badness 10000) has occurred while \output is active []

[138] [139]
Underfull \vbox (badness 10000) detected at line 6661
 []


Underfull \vbox (badness 10000) detected at line 6661
 []

[140] [141]
Underfull \vbox (badness 1308) detected at line 6754
 []

[142] [143] [144]
Underfull \vbox (badness 10000) detected at line 6885
 []


Underfull \vbox (badness 10000) detected at line 6885
 []

[145]
Underfull \hbox (badness 10000) in paragraph at lines 6890--6891
\TU/lmr/m/n/10 The functions \TU/lmtt/m/n/10 row_number()\TU/lmr/m/n/10 , \TU/l
mtt/m/n/10 ntile()\TU/lmr/m/n/10 , \TU/lmtt/m/n/10 min_rank()\TU/lmr/m/n/10 , \
TU/lmtt/m/n/10 dense_rank()\TU/lmr/m/n/10 ,
 []

[146]
Underfull \vbox (badness 10000) detected at line 7022
 []


Underfull \vbox (badness 10000) detected at line 7022
 []

[147]
Underfull \vbox (badness 10000) detected at line 7022
 []


Underfull \vbox (badness 10000) detected at line 7022
 []

[148] [149] [150] [151]
Underfull \vbox (badness 10000) detected at line 7204
 []


Underfull \vbox (badness 10000) detected at line 7204
 []

[152] [153] [154] [155] [156]
Underfull \vbox (badness 10000) detected at line 7484
 []


Underfull \vbox (badness 10000) has occurred while \output is active []

[157]
Underfull \vbox (badness 10000) has occurred while \output is active []

[158]
Underfull \vbox (badness 10000) detected at line 7598
 []


Underfull \vbox (badness 10000) has occurred while \output is active []

[159]
Underfull \vbox (badness 10000) detected at line 7598
 []


Underfull \vbox (badness 10000) detected at line 7598
 []

[160] [161]
LaTeX Font Info:    Font shape `TU/lmtt/bx/n' in size <12> not available
(Font)              Font shape `TU/lmtt/b/n' tried instead on input line 7685.

Underfull \vbox (badness 10000) has occurred while \output is active []

[162]
Underfull \vbox (badness 10000) has occurred while \output is active []

[163]
Underfull \vbox (badness 10000) has occurred while \output is active []

[164] [165] [166] [167] [168] [169]
Underfull \vbox (badness 10000) detected at line 8125
 []


Underfull \vbox (badness 10000) detected at line 8125
 []

[170] [171] [172] [173]
Underfull \vbox (badness 10000) detected at line 8317
 []


Underfull \vbox (badness 10000) detected at line 8317
 []

[174] [175] [176] [177] [178]
Underfull \vbox (badness 10000) detected at line 8567
 []


Underfull \vbox (badness 10000) detected at line 8567
 []

[179] [180]
Underfull \vbox (badness 10000) detected at line 8672
 []


Underfull \vbox (badness 10000) detected at line 8672
 []

[181]
Overfull \vbox (0.63287pt too high) detected at line 8864
 []

[182]
Underfull \vbox (badness 10000) detected at line 8864
 []


Underfull \vbox (badness 10000) detected at line 8864
 []

[183]
Underfull \vbox (badness 10000) detected at line 8864
 []


Underfull \vbox (badness 10000) detected at line 8864
 []

[184]
Underfull \vbox (badness 10000) detected at line 8864
 []


Underfull \vbox (badness 10000) detected at line 8864
 []

[185] [186]
Underfull \vbox (badness 10000) detected at line 9048
 []


Underfull \vbox (badness 10000) detected at line 9048
 []

[187]
Underfull \vbox (badness 10000) detected at line 9048
 []


Underfull \vbox (badness 10000) detected at line 9048
 []

[188]
Underfull \vbox (badness 10000) detected at line 9048
 []


Underfull \vbox (badness 10000) detected at line 9048
 []

[189]
Underfull \vbox (badness 2707) has occurred while \output is active []

[190]
Underfull \vbox (badness 10000) detected at line 9148
 []


Underfull \vbox (badness 10000) detected at line 9148
 []

[191] [192]
Underfull \vbox (badness 10000) detected at line 9241
 []


Underfull \vbox (badness 10000) detected at line 9241
 []

[193] [194]
File: 04-tidyverser_files/figure-latex/unnamed-chunk-90-1.pdf Graphic file (typ
e pdf)
<use 04-tidyverser_files/figure-latex/unnamed-chunk-90-1.pdf>

Underfull \vbox (badness 10000) has occurred while \output is active []

[195]
File: 04-tidyverser_files/figure-latex/unnamed-chunk-90-2.pdf Graphic file (typ
e pdf)
<use 04-tidyverser_files/figure-latex/unnamed-chunk-90-2.pdf>
[196]
File: 04-tidyverser_files/figure-latex/unnamed-chunk-90-3.pdf Graphic file (typ
e pdf)
<use 04-tidyverser_files/figure-latex/unnamed-chunk-90-3.pdf>
[197] [198]
File: 04-tidyverser_files/figure-latex/unnamed-chunk-95-1.pdf Graphic file (typ
e pdf)
<use 04-tidyverser_files/figure-latex/unnamed-chunk-95-1.pdf>

Underfull \vbox (badness 4168) detected at line 9451
 []


Underfull \vbox (badness 4168) has occurred while \output is active []

[199]
Underfull \hbox (badness 3343) in paragraph at lines 9476--9477
\TU/lmr/m/n/10 The functions \TU/lmtt/m/n/10 str_to_upper()\TU/lmr/m/n/10 , \TU
/lmtt/m/n/10 str_to_lower()\TU/lmr/m/n/10 , \TU/lmtt/m/n/10 str_to_title() \TU/
lmr/m/n/10 and
 []

[200] [201] [202] [203]
Overfull \hbox (22.728pt too wide) in paragraph at lines 9664--9664
[]\TU/lmr/bx/n/12 Splitting strings using str_split() and str_split_fixed() 
 []

[204] [205] [206]
Overfull \hbox (3.78206pt too wide) in paragraph at lines 9895--9896
 \TU/lmr/bx/n/10 5.14.11.1.1 The functions str_detect(), str_which() and str_su
bset()[]
 []


Overfull \vbox (1.00867pt too high) detected at line 9939
 []

[207] [208]
File: 04-tidyverser_files/figure-latex/unnamed-chunk-115-1.pdf Graphic file (ty
pe pdf)
<use 04-tidyverser_files/figure-latex/unnamed-chunk-115-1.pdf>

Underfull \vbox (badness 3514) has occurred while \output is active []

[209] [210] [211] [212]
File: 04-tidyverser_files/figure-latex/unnamed-chunk-125-1.pdf Graphic file (ty
pe pdf)
<use 04-tidyverser_files/figure-latex/unnamed-chunk-125-1.pdf>

Underfull \vbox (badness 1348) detected at line 10269
 []

[213] [214] [215] [216

]
Chapter 6.
[217]
File: 05-ggplot2_files/figure-latex/unnamed-chunk-2-1.pdf Graphic file (type pd
f)
<use 05-ggplot2_files/figure-latex/unnamed-chunk-2-1.pdf>

Underfull \vbox (badness 10000) has occurred while \output is active []

[218]
File: 05-ggplot2_files/figure-latex/unnamed-chunk-2-2.pdf Graphic file (type pd
f)
<use 05-ggplot2_files/figure-latex/unnamed-chunk-2-2.pdf>

Underfull \vbox (badness 10000) has occurred while \output is active []

[219]
File: 05-ggplot2_files/figure-latex/unnamed-chunk-3-1.pdf Graphic file (type pd
f)
<use 05-ggplot2_files/figure-latex/unnamed-chunk-3-1.pdf>
File: 05-ggplot2_files/figure-latex/unnamed-chunk-3-2.pdf Graphic file (type pd
f)
<use 05-ggplot2_files/figure-latex/unnamed-chunk-3-2.pdf>

Underfull \vbox (badness 10000) has occurred while \output is active []

[220]
File: 05-ggplot2_files/figure-latex/unnamed-chunk-3-3.pdf Graphic file (type pd
f)
<use 05-ggplot2_files/figure-latex/unnamed-chunk-3-3.pdf>

Underfull \vbox (badness 10000) has occurred while \output is active []

[221]
File: 05-ggplot2_files/figure-latex/unnamed-chunk-4-1.pdf Graphic file (type pd
f)
<use 05-ggplot2_files/figure-latex/unnamed-chunk-4-1.pdf>
File: 05-ggplot2_files/figure-latex/unnamed-chunk-4-2.pdf Graphic file (type pd
f)
<use 05-ggplot2_files/figure-latex/unnamed-chunk-4-2.pdf>

Underfull \vbox (badness 10000) has occurred while \output is active []

[222]
File: 05-ggplot2_files/figure-latex/unnamed-chunk-5-1.pdf Graphic file (type pd
f)
<use 05-ggplot2_files/figure-latex/unnamed-chunk-5-1.pdf>

Underfull \vbox (badness 10000) has occurred while \output is active []

[223]
File: 05-ggplot2_files/figure-latex/unnamed-chunk-6-1.pdf Graphic file (type pd
f)
<use 05-ggplot2_files/figure-latex/unnamed-chunk-6-1.pdf>

Underfull \vbox (badness 10000) has occurred while \output is active []

[224]
File: 05-ggplot2_files/figure-latex/unnamed-chunk-7-1.pdf Graphic file (type pd
f)
<use 05-ggplot2_files/figure-latex/unnamed-chunk-7-1.pdf>

Underfull \vbox (badness 10000) has occurred while \output is active []

[225]
File: 05-ggplot2_files/figure-latex/unnamed-chunk-8-1.pdf Graphic file (type pd
f)
<use 05-ggplot2_files/figure-latex/unnamed-chunk-8-1.pdf>

Underfull \vbox (badness 10000) has occurred while \output is active []

[226]
File: 05-ggplot2_files/figure-latex/unnamed-chunk-9-1.pdf Graphic file (type pd
f)
<use 05-ggplot2_files/figure-latex/unnamed-chunk-9-1.pdf>

Underfull \vbox (badness 10000) has occurred while \output is active []

[227]
File: 05-ggplot2_files/figure-latex/unnamed-chunk-10-1.pdf Graphic file (type p
df)
<use 05-ggplot2_files/figure-latex/unnamed-chunk-10-1.pdf>

Underfull \vbox (badness 10000) has occurred while \output is active []

[228]
File: 05-ggplot2_files/figure-latex/unnamed-chunk-11-1.pdf Graphic file (type p
df)
<use 05-ggplot2_files/figure-latex/unnamed-chunk-11-1.pdf>

Underfull \vbox (badness 10000) has occurred while \output is active []

[229]
File: 05-ggplot2_files/figure-latex/unnamed-chunk-12-1.pdf Graphic file (type p
df)
<use 05-ggplot2_files/figure-latex/unnamed-chunk-12-1.pdf>

Underfull \vbox (badness 10000) has occurred while \output is active []

[230]
File: 05-ggplot2_files/figure-latex/unnamed-chunk-13-1.pdf Graphic file (type p
df)
<use 05-ggplot2_files/figure-latex/unnamed-chunk-13-1.pdf>

Underfull \vbox (badness 10000) has occurred while \output is active []

[231]
File: 05-ggplot2_files/figure-latex/unnamed-chunk-13-2.pdf Graphic file (type p
df)
<use 05-ggplot2_files/figure-latex/unnamed-chunk-13-2.pdf>

Underfull \vbox (badness 7504) has occurred while \output is active []

[232]
File: 05-ggplot2_files/figure-latex/unnamed-chunk-14-1.pdf Graphic file (type p
df)
<use 05-ggplot2_files/figure-latex/unnamed-chunk-14-1.pdf>
File: 05-ggplot2_files/figure-latex/unnamed-chunk-15-1.pdf Graphic file (type p
df)
<use 05-ggplot2_files/figure-latex/unnamed-chunk-15-1.pdf>

Underfull \vbox (badness 10000) has occurred while \output is active []

[233]
File: 05-ggplot2_files/figure-latex/unnamed-chunk-15-2.pdf Graphic file (type p
df)
<use 05-ggplot2_files/figure-latex/unnamed-chunk-15-2.pdf>

Underfull \vbox (badness 10000) has occurred while \output is active []

[234]
File: 05-ggplot2_files/figure-latex/unnamed-chunk-16-1.pdf Graphic file (type p
df)
<use 05-ggplot2_files/figure-latex/unnamed-chunk-16-1.pdf>

Underfull \vbox (badness 10000) has occurred while \output is active []

[235]
File: 05-ggplot2_files/figure-latex/unnamed-chunk-17-1.pdf Graphic file (type p
df)
<use 05-ggplot2_files/figure-latex/unnamed-chunk-17-1.pdf>

Underfull \vbox (badness 10000) has occurred while \output is active []

[236]
File: 05-ggplot2_files/figure-latex/unnamed-chunk-18-1.pdf Graphic file (type p
df)
<use 05-ggplot2_files/figure-latex/unnamed-chunk-18-1.pdf>

Underfull \vbox (badness 10000) has occurred while \output is active []

[237]
File: 05-ggplot2_files/figure-latex/unnamed-chunk-18-2.pdf Graphic file (type p
df)
<use 05-ggplot2_files/figure-latex/unnamed-chunk-18-2.pdf>

Underfull \vbox (badness 5490) has occurred while \output is active []

[238]
File: 05-ggplot2_files/figure-latex/unnamed-chunk-19-1.pdf Graphic file (type p
df)
<use 05-ggplot2_files/figure-latex/unnamed-chunk-19-1.pdf>
File: 05-ggplot2_files/figure-latex/unnamed-chunk-19-2.pdf Graphic file (type p
df)
<use 05-ggplot2_files/figure-latex/unnamed-chunk-19-2.pdf>

Underfull \vbox (badness 10000) has occurred while \output is active []

[239]
File: 05-ggplot2_files/figure-latex/unnamed-chunk-19-3.pdf Graphic file (type p
df)
<use 05-ggplot2_files/figure-latex/unnamed-chunk-19-3.pdf>

Underfull \vbox (badness 10000) has occurred while \output is active []

[240]
File: 05-ggplot2_files/figure-latex/unnamed-chunk-20-1.pdf Graphic file (type p
df)
<use 05-ggplot2_files/figure-latex/unnamed-chunk-20-1.pdf>

Underfull \vbox (badness 10000) has occurred while \output is active []

[241]
File: 05-ggplot2_files/figure-latex/unnamed-chunk-20-2.pdf Graphic file (type p
df)
<use 05-ggplot2_files/figure-latex/unnamed-chunk-20-2.pdf>
[242]
File: 05-ggplot2_files/figure-latex/unnamed-chunk-20-3.pdf Graphic file (type p
df)
<use 05-ggplot2_files/figure-latex/unnamed-chunk-20-3.pdf>
File: 05-ggplot2_files/figure-latex/unnamed-chunk-20-4.pdf Graphic file (type p
df)
<use 05-ggplot2_files/figure-latex/unnamed-chunk-20-4.pdf>

Underfull \vbox (badness 10000) has occurred while \output is active []

[243]
File: 05-ggplot2_files/figure-latex/unnamed-chunk-20-5.pdf Graphic file (type p
df)
<use 05-ggplot2_files/figure-latex/unnamed-chunk-20-5.pdf>

Underfull \vbox (badness 10000) has occurred while \output is active []

[244]
File: 05-ggplot2_files/figure-latex/unnamed-chunk-21-1.pdf Graphic file (type p
df)
<use 05-ggplot2_files/figure-latex/unnamed-chunk-21-1.pdf>
File: 05-ggplot2_files/figure-latex/unnamed-chunk-22-1.pdf Graphic file (type p
df)
<use 05-ggplot2_files/figure-latex/unnamed-chunk-22-1.pdf>

Underfull \vbox (badness 10000) has occurred while \output is active []

[245]
File: 05-ggplot2_files/figure-latex/unnamed-chunk-23-1.pdf Graphic file (type p
df)
<use 05-ggplot2_files/figure-latex/unnamed-chunk-23-1.pdf>

Underfull \vbox (badness 10000) has occurred while \output is active []

[246]
File: 05-ggplot2_files/figure-latex/unnamed-chunk-23-2.pdf Graphic file (type p
df)
<use 05-ggplot2_files/figure-latex/unnamed-chunk-23-2.pdf>

Underfull \vbox (badness 10000) has occurred while \output is active []

[247]
File: 05-ggplot2_files/figure-latex/unnamed-chunk-24-1.pdf Graphic file (type p
df)
<use 05-ggplot2_files/figure-latex/unnamed-chunk-24-1.pdf>

Underfull \vbox (badness 10000) has occurred while \output is active []

[248]
File: 05-ggplot2_files/figure-latex/unnamed-chunk-24-2.pdf Graphic file (type p
df)
<use 05-ggplot2_files/figure-latex/unnamed-chunk-24-2.pdf>

Underfull \vbox (badness 10000) has occurred while \output is active []

[249]
Underfull \hbox (badness 2221) in paragraph at lines 10991--10992
[]\TU/lmr/m/n/10 The functions \TU/lmtt/m/n/10 scale_colour_viridis() \TU/lmr/m
/n/10 and \TU/lmtt/m/n/10 scale_fill_viridis() \TU/lmr/m/n/10 de-
 []


Underfull \hbox (badness 3514) in paragraph at lines 10991--10992
\TU/lmtt/m/n/10 = TRUE \TU/lmr/m/n/10 indicating discrete while \TU/lmtt/m/n/10
 discrete = FALSE \TU/lmr/m/n/10 indicating continu-
 []


Underfull \hbox (badness 1019) in paragraph at lines 10991--10992
\TU/lmr/m/n/10 ous. To be more specific, use \TU/lmtt/m/n/10 scale_colour_virid
is_d() \TU/lmr/m/n/10 for discrete
 []

File: 05-ggplot2_files/figure-latex/unnamed-chunk-25-1.pdf Graphic file (type p
df)
<use 05-ggplot2_files/figure-latex/unnamed-chunk-25-1.pdf>

Underfull \vbox (badness 8170) has occurred while \output is active []

[250]
File: 05-ggplot2_files/figure-latex/unnamed-chunk-25-2.pdf Graphic file (type p
df)
<use 05-ggplot2_files/figure-latex/unnamed-chunk-25-2.pdf>

Underfull \vbox (badness 10000) has occurred while \output is active []

[251]
File: 05-ggplot2_files/figure-latex/unnamed-chunk-25-3.pdf Graphic file (type p
df)
<use 05-ggplot2_files/figure-latex/unnamed-chunk-25-3.pdf>

Underfull \vbox (badness 10000) has occurred while \output is active []

[252]
File: 05-ggplot2_files/figure-latex/unnamed-chunk-25-4.pdf Graphic file (type p
df)
<use 05-ggplot2_files/figure-latex/unnamed-chunk-25-4.pdf>

Underfull \vbox (badness 10000) has occurred while \output is active []

[253]
File: 05-ggplot2_files/figure-latex/unnamed-chunk-26-1.pdf Graphic file (type p
df)
<use 05-ggplot2_files/figure-latex/unnamed-chunk-26-1.pdf>

Underfull \vbox (badness 10000) has occurred while \output is active []

[254]
File: 05-ggplot2_files/figure-latex/unnamed-chunk-27-1.pdf Graphic file (type p
df)
<use 05-ggplot2_files/figure-latex/unnamed-chunk-27-1.pdf>

Underfull \vbox (badness 10000) has occurred while \output is active []

[255]
File: 05-ggplot2_files/figure-latex/unnamed-chunk-27-2.pdf Graphic file (type p
df)
<use 05-ggplot2_files/figure-latex/unnamed-chunk-27-2.pdf>
[256]
File: 05-ggplot2_files/figure-latex/unnamed-chunk-27-3.pdf Graphic file (type p
df)
<use 05-ggplot2_files/figure-latex/unnamed-chunk-27-3.pdf>
File: 05-ggplot2_files/figure-latex/unnamed-chunk-28-1.pdf Graphic file (type p
df)
<use 05-ggplot2_files/figure-latex/unnamed-chunk-28-1.pdf>

Underfull \vbox (badness 10000) has occurred while \output is active []

[257]
File: 05-ggplot2_files/figure-latex/unnamed-chunk-29-1.pdf Graphic file (type p
df)
<use 05-ggplot2_files/figure-latex/unnamed-chunk-29-1.pdf>

Underfull \vbox (badness 10000) has occurred while \output is active []

[258]
File: 05-ggplot2_files/figure-latex/unnamed-chunk-29-2.pdf Graphic file (type p
df)
<use 05-ggplot2_files/figure-latex/unnamed-chunk-29-2.pdf>

Underfull \vbox (badness 7362) has occurred while \output is active []

[259]
File: 05-ggplot2_files/figure-latex/unnamed-chunk-30-1.pdf Graphic file (type p
df)
<use 05-ggplot2_files/figure-latex/unnamed-chunk-30-1.pdf>
File: 05-ggplot2_files/figure-latex/unnamed-chunk-31-1.pdf Graphic file (type p
df)
<use 05-ggplot2_files/figure-latex/unnamed-chunk-31-1.pdf>

Underfull \vbox (badness 10000) has occurred while \output is active []

[260]
File: 05-ggplot2_files/figure-latex/unnamed-chunk-32-1.pdf Graphic file (type p
df)
<use 05-ggplot2_files/figure-latex/unnamed-chunk-32-1.pdf>

Underfull \vbox (badness 10000) has occurred while \output is active []

[261]
File: 05-ggplot2_files/figure-latex/unnamed-chunk-33-1.pdf Graphic file (type p
df)
<use 05-ggplot2_files/figure-latex/unnamed-chunk-33-1.pdf>

Underfull \vbox (badness 10000) has occurred while \output is active []

[262]
File: 05-ggplot2_files/figure-latex/unnamed-chunk-33-2.pdf Graphic file (type p
df)
<use 05-ggplot2_files/figure-latex/unnamed-chunk-33-2.pdf>

Underfull \vbox (badness 10000) has occurred while \output is active []

[263]
File: 05-ggplot2_files/figure-latex/unnamed-chunk-33-3.pdf Graphic file (type p
df)
<use 05-ggplot2_files/figure-latex/unnamed-chunk-33-3.pdf>

Underfull \vbox (badness 10000) has occurred while \output is active []

[264]
File: 05-ggplot2_files/figure-latex/unnamed-chunk-33-4.pdf Graphic file (type p
df)
<use 05-ggplot2_files/figure-latex/unnamed-chunk-33-4.pdf>

Underfull \vbox (badness 10000) has occurred while \output is active []

[265]
File: 05-ggplot2_files/figure-latex/unnamed-chunk-34-1.pdf Graphic file (type p
df)
<use 05-ggplot2_files/figure-latex/unnamed-chunk-34-1.pdf>

Underfull \vbox (badness 10000) has occurred while \output is active []

[266]
File: 05-ggplot2_files/figure-latex/unnamed-chunk-35-1.pdf Graphic file (type p
df)
<use 05-ggplot2_files/figure-latex/unnamed-chunk-35-1.pdf>

Underfull \vbox (badness 10000) has occurred while \output is active []

[267]
File: 05-ggplot2_files/figure-latex/unnamed-chunk-36-1.pdf Graphic file (type p
df)
<use 05-ggplot2_files/figure-latex/unnamed-chunk-36-1.pdf>

Underfull \vbox (badness 10000) has occurred while \output is active []

[268]
File: 05-ggplot2_files/figure-latex/unnamed-chunk-37-1.pdf Graphic file (type p
df)
<use 05-ggplot2_files/figure-latex/unnamed-chunk-37-1.pdf>

Underfull \vbox (badness 10000) has occurred while \output is active []

[269]
File: 05-ggplot2_files/figure-latex/unnamed-chunk-38-1.pdf Graphic file (type p
df)
<use 05-ggplot2_files/figure-latex/unnamed-chunk-38-1.pdf>

Underfull \vbox (badness 10000) has occurred while \output is active []

[270]
File: 05-ggplot2_files/figure-latex/unnamed-chunk-39-1.pdf Graphic file (type p
df)
<use 05-ggplot2_files/figure-latex/unnamed-chunk-39-1.pdf>

Underfull \vbox (badness 10000) has occurred while \output is active []

[271]
File: 05-ggplot2_files/figure-latex/unnamed-chunk-40-1.pdf Graphic file (type p
df)
<use 05-ggplot2_files/figure-latex/unnamed-chunk-40-1.pdf>

Underfull \vbox (badness 10000) has occurred while \output is active []

[272]
File: 05-ggplot2_files/figure-latex/unnamed-chunk-41-1.pdf Graphic file (type p
df)
<use 05-ggplot2_files/figure-latex/unnamed-chunk-41-1.pdf>

Underfull \vbox (badness 10000) has occurred while \output is active []

[273]
File: 05-ggplot2_files/figure-latex/unnamed-chunk-41-2.pdf Graphic file (type p
df)
<use 05-ggplot2_files/figure-latex/unnamed-chunk-41-2.pdf>

Underfull \vbox (badness 10000) has occurred while \output is active []

[274]
File: 05-ggplot2_files/figure-latex/unnamed-chunk-42-1.pdf Graphic file (type p
df)
<use 05-ggplot2_files/figure-latex/unnamed-chunk-42-1.pdf>

Underfull \vbox (badness 10000) has occurred while \output is active []

[275]
Underfull \hbox (badness 1270) in paragraph at lines 11419--11428
[]\TU/lmr/m/n/10 theme_grey() theme_bw() theme_linedraw() theme_light() theme_d
ark()
 []

File: 05-ggplot2_files/figure-latex/unnamed-chunk-43-1.pdf Graphic file (type p
df)
<use 05-ggplot2_files/figure-latex/unnamed-chunk-43-1.pdf>

Underfull \vbox (badness 10000) has occurred while \output is active []

[276]
File: 05-ggplot2_files/figure-latex/unnamed-chunk-43-2.pdf Graphic file (type p
df)
<use 05-ggplot2_files/figure-latex/unnamed-chunk-43-2.pdf>

Underfull \vbox (badness 10000) has occurred while \output is active []

[277] [278] [279]
File: 05-ggplot2_files/figure-latex/unnamed-chunk-46-1.pdf Graphic file (type p
df)
<use 05-ggplot2_files/figure-latex/unnamed-chunk-46-1.pdf>

Underfull \vbox (badness 10000) has occurred while \output is active []

[280]
File: 05-ggplot2_files/figure-latex/unnamed-chunk-46-2.pdf Graphic file (type p
df)
<use 05-ggplot2_files/figure-latex/unnamed-chunk-46-2.pdf>

Underfull \vbox (badness 10000) has occurred while \output is active []

[281]
File: 05-ggplot2_files/figure-latex/unnamed-chunk-46-3.pdf Graphic file (type p
df)
<use 05-ggplot2_files/figure-latex/unnamed-chunk-46-3.pdf>
[282]
File: 05-ggplot2_files/figure-latex/unnamed-chunk-46-4.pdf Graphic file (type p
df)
<use 05-ggplot2_files/figure-latex/unnamed-chunk-46-4.pdf>
File: 05-ggplot2_files/figure-latex/unnamed-chunk-47-1.pdf Graphic file (type p
df)
<use 05-ggplot2_files/figure-latex/unnamed-chunk-47-1.pdf>

Underfull \vbox (badness 10000) has occurred while \output is active []

[283]
File: 05-ggplot2_files/figure-latex/unnamed-chunk-48-1.pdf Graphic file (type p
df)
<use 05-ggplot2_files/figure-latex/unnamed-chunk-48-1.pdf>

Underfull \vbox (badness 10000) has occurred while \output is active []

[284]
File: 05-ggplot2_files/figure-latex/unnamed-chunk-48-2.pdf Graphic file (type p
df)
<use 05-ggplot2_files/figure-latex/unnamed-chunk-48-2.pdf>

Underfull \vbox (badness 10000) has occurred while \output is active []

[285]
File: 05-ggplot2_files/figure-latex/unnamed-chunk-49-1.pdf Graphic file (type p
df)
<use 05-ggplot2_files/figure-latex/unnamed-chunk-49-1.pdf>

Underfull \vbox (badness 10000) has occurred while \output is active []

[286]
File: 05-ggplot2_files/figure-latex/unnamed-chunk-50-1.pdf Graphic file (type p
df)
<use 05-ggplot2_files/figure-latex/unnamed-chunk-50-1.pdf>

Underfull \vbox (badness 10000) has occurred while \output is active []

[287] [288]
File: 05-ggplot2_files/figure-latex/unnamed-chunk-51-1.pdf Graphic file (type p
df)
<use 05-ggplot2_files/figure-latex/unnamed-chunk-51-1.pdf>
File: 05-ggplot2_files/figure-latex/unnamed-chunk-52-1.pdf Graphic file (type p
df)
<use 05-ggplot2_files/figure-latex/unnamed-chunk-52-1.pdf>

Underfull \vbox (badness 10000) has occurred while \output is active []

[289]
File: 05-ggplot2_files/figure-latex/unnamed-chunk-53-1.pdf Graphic file (type p
df)
<use 05-ggplot2_files/figure-latex/unnamed-chunk-53-1.pdf>

Underfull \vbox (badness 10000) has occurred while \output is active []

[290]
File: 05-ggplot2_files/figure-latex/unnamed-chunk-53-2.pdf Graphic file (type p
df)
<use 05-ggplot2_files/figure-latex/unnamed-chunk-53-2.pdf>

Underfull \vbox (badness 10000) has occurred while \output is active []

[291]
File: 05-ggplot2_files/figure-latex/unnamed-chunk-53-3.pdf Graphic file (type p
df)
<use 05-ggplot2_files/figure-latex/unnamed-chunk-53-3.pdf>

Underfull \vbox (badness 10000) has occurred while \output is active []

[292]
File: 05-ggplot2_files/figure-latex/unnamed-chunk-54-1.pdf Graphic file (type p
df)
<use 05-ggplot2_files/figure-latex/unnamed-chunk-54-1.pdf>

Underfull \vbox (badness 10000) has occurred while \output is active []

[293]
File: 05-ggplot2_files/figure-latex/unnamed-chunk-55-1.pdf Graphic file (type p
df)
<use 05-ggplot2_files/figure-latex/unnamed-chunk-55-1.pdf>

Underfull \vbox (badness 10000) has occurred while \output is active []

[294] [295]
File: 05-ggplot2_files/figure-latex/unnamed-chunk-56-1.pdf Graphic file (type p
df)
<use 05-ggplot2_files/figure-latex/unnamed-chunk-56-1.pdf>

Underfull \vbox (badness 8189) detected at line 11951
 []


Underfull \vbox (badness 3375) has occurred while \output is active []

[296]
File: 05-ggplot2_files/figure-latex/unnamed-chunk-56-2.pdf Graphic file (type p
df)
<use 05-ggplot2_files/figure-latex/unnamed-chunk-56-2.pdf>
File: 05-ggplot2_files/figure-latex/unnamed-chunk-57-1.pdf Graphic file (type p
df)
<use 05-ggplot2_files/figure-latex/unnamed-chunk-57-1.pdf>

Underfull \vbox (badness 3417) has occurred while \output is active []

[297]
File: 05-ggplot2_files/figure-latex/unnamed-chunk-57-2.pdf Graphic file (type p
df)
<use 05-ggplot2_files/figure-latex/unnamed-chunk-57-2.pdf>
[298]
File: 05-ggplot2_files/figure-latex/unnamed-chunk-57-3.pdf Graphic file (type p
df)
<use 05-ggplot2_files/figure-latex/unnamed-chunk-57-3.pdf>
File: 05-ggplot2_files/figure-latex/unnamed-chunk-58-1.pdf Graphic file (type p
df)
<use 05-ggplot2_files/figure-latex/unnamed-chunk-58-1.pdf>

Underfull \vbox (badness 10000) has occurred while \output is active []

[299]
File: 05-ggplot2_files/figure-latex/unnamed-chunk-59-1.pdf Graphic file (type p
df)
<use 05-ggplot2_files/figure-latex/unnamed-chunk-59-1.pdf>

Underfull \vbox (badness 10000) has occurred while \output is active []

[300]
File: 05-ggplot2_files/figure-latex/unnamed-chunk-60-1.pdf Graphic file (type p
df)
<use 05-ggplot2_files/figure-latex/unnamed-chunk-60-1.pdf>

Underfull \vbox (badness 10000) has occurred while \output is active []

[301]
File: 05-ggplot2_files/figure-latex/unnamed-chunk-61-1.pdf Graphic file (type p
df)
<use 05-ggplot2_files/figure-latex/unnamed-chunk-61-1.pdf>

Underfull \vbox (badness 10000) has occurred while \output is active []

[302]
File: 05-ggplot2_files/figure-latex/unnamed-chunk-62-1.pdf Graphic file (type p
df)
<use 05-ggplot2_files/figure-latex/unnamed-chunk-62-1.pdf>

Underfull \vbox (badness 10000) has occurred while \output is active []

[303]
File: 05-ggplot2_files/figure-latex/unnamed-chunk-63-1.pdf Graphic file (type p
df)
<use 05-ggplot2_files/figure-latex/unnamed-chunk-63-1.pdf>

Underfull \vbox (badness 10000) has occurred while \output is active []

[304]
File: 05-ggplot2_files/figure-latex/unnamed-chunk-64-1.pdf Graphic file (type p
df)
<use 05-ggplot2_files/figure-latex/unnamed-chunk-64-1.pdf>

Underfull \vbox (badness 10000) has occurred while \output is active []

[305]
File: 05-ggplot2_files/figure-latex/unnamed-chunk-65-1.pdf Graphic file (type p
df)
<use 05-ggplot2_files/figure-latex/unnamed-chunk-65-1.pdf>

Underfull \vbox (badness 10000) has occurred while \output is active []

[306]
File: 05-ggplot2_files/figure-latex/unnamed-chunk-65-2.pdf Graphic file (type p
df)
<use 05-ggplot2_files/figure-latex/unnamed-chunk-65-2.pdf>

Underfull \vbox (badness 10000) has occurred while \output is active []

[307]
File: 05-ggplot2_files/figure-latex/unnamed-chunk-65-3.pdf Graphic file (type p
df)
<use 05-ggplot2_files/figure-latex/unnamed-chunk-65-3.pdf>

Underfull \vbox (badness 10000) has occurred while \output is active []

[308]
File: 05-ggplot2_files/figure-latex/unnamed-chunk-65-4.pdf Graphic file (type p
df)
<use 05-ggplot2_files/figure-latex/unnamed-chunk-65-4.pdf>

Underfull \vbox (badness 10000) has occurred while \output is active []

[309]
File: 05-ggplot2_files/figure-latex/unnamed-chunk-65-5.pdf Graphic file (type p
df)
<use 05-ggplot2_files/figure-latex/unnamed-chunk-65-5.pdf>

Underfull \vbox (badness 10000) has occurred while \output is active []

[310]
File: 05-ggplot2_files/figure-latex/unnamed-chunk-66-1.pdf Graphic file (type p
df)
<use 05-ggplot2_files/figure-latex/unnamed-chunk-66-1.pdf>

Underfull \vbox (badness 10000) has occurred while \output is active []

[311]
File: 05-ggplot2_files/figure-latex/unnamed-chunk-67-1.pdf Graphic file (type p
df)
<use 05-ggplot2_files/figure-latex/unnamed-chunk-67-1.pdf>

Underfull \vbox (badness 10000) has occurred while \output is active []

[312]
File: 05-ggplot2_files/figure-latex/unnamed-chunk-67-2.pdf Graphic file (type p
df)
<use 05-ggplot2_files/figure-latex/unnamed-chunk-67-2.pdf>

Underfull \vbox (badness 10000) has occurred while \output is active []

[313]
File: 05-ggplot2_files/figure-latex/unnamed-chunk-68-1.pdf Graphic file (type p
df)
<use 05-ggplot2_files/figure-latex/unnamed-chunk-68-1.pdf>

Underfull \vbox (badness 10000) has occurred while \output is active []

[314]
File: 05-ggplot2_files/figure-latex/unnamed-chunk-69-1.pdf Graphic file (type p
df)
<use 05-ggplot2_files/figure-latex/unnamed-chunk-69-1.pdf>

Underfull \vbox (badness 10000) has occurred while \output is active []

[315]
File: 05-ggplot2_files/figure-latex/unnamed-chunk-69-2.pdf Graphic file (type p
df)
<use 05-ggplot2_files/figure-latex/unnamed-chunk-69-2.pdf>

Underfull \vbox (badness 10000) has occurred while \output is active []

[316]
File: 05-ggplot2_files/figure-latex/unnamed-chunk-69-3.pdf Graphic file (type p
df)
<use 05-ggplot2_files/figure-latex/unnamed-chunk-69-3.pdf>

Underfull \vbox (badness 10000) has occurred while \output is active []

[317]
File: 05-ggplot2_files/figure-latex/unnamed-chunk-70-1.pdf Graphic file (type p
df)
<use 05-ggplot2_files/figure-latex/unnamed-chunk-70-1.pdf>

Underfull \vbox (badness 10000) has occurred while \output is active []

[318]
File: 05-ggplot2_files/figure-latex/unnamed-chunk-71-1.pdf Graphic file (type p
df)
<use 05-ggplot2_files/figure-latex/unnamed-chunk-71-1.pdf>

Underfull \vbox (badness 10000) has occurred while \output is active []

[319]
File: 05-ggplot2_files/figure-latex/unnamed-chunk-72-1.pdf Graphic file (type p
df)
<use 05-ggplot2_files/figure-latex/unnamed-chunk-72-1.pdf>

Underfull \vbox (badness 10000) has occurred while \output is active []

[320]
File: 05-ggplot2_files/figure-latex/unnamed-chunk-73-1.pdf Graphic file (type p
df)
<use 05-ggplot2_files/figure-latex/unnamed-chunk-73-1.pdf>

Underfull \vbox (badness 10000) has occurred while \output is active []

[321]
File: 05-ggplot2_files/figure-latex/unnamed-chunk-74-1.pdf Graphic file (type p
df)
<use 05-ggplot2_files/figure-latex/unnamed-chunk-74-1.pdf>

Underfull \vbox (badness 10000) has occurred while \output is active []

[322]
File: 05-ggplot2_files/figure-latex/unnamed-chunk-75-1.pdf Graphic file (type p
df)
<use 05-ggplot2_files/figure-latex/unnamed-chunk-75-1.pdf>

Underfull \vbox (badness 10000) has occurred while \output is active []

[323]
File: 05-ggplot2_files/figure-latex/unnamed-chunk-76-1.pdf Graphic file (type p
df)
<use 05-ggplot2_files/figure-latex/unnamed-chunk-76-1.pdf>

Underfull \vbox (badness 10000) has occurred while \output is active []

[324]
File: 05-ggplot2_files/figure-latex/unnamed-chunk-77-1.pdf Graphic file (type p
df)
<use 05-ggplot2_files/figure-latex/unnamed-chunk-77-1.pdf>

Underfull \vbox (badness 10000) has occurred while \output is active []

[325]
File: 05-ggplot2_files/figure-latex/unnamed-chunk-78-1.pdf Graphic file (type p
df)
<use 05-ggplot2_files/figure-latex/unnamed-chunk-78-1.pdf>

Underfull \vbox (badness 10000) has occurred while \output is active []

[326]
File: 05-ggplot2_files/figure-latex/unnamed-chunk-79-1.pdf Graphic file (type p
df)
<use 05-ggplot2_files/figure-latex/unnamed-chunk-79-1.pdf>

Underfull \vbox (badness 10000) has occurred while \output is active []

[327]
File: 05-ggplot2_files/figure-latex/unnamed-chunk-79-2.pdf Graphic file (type p
df)
<use 05-ggplot2_files/figure-latex/unnamed-chunk-79-2.pdf>

Underfull \vbox (badness 10000) has occurred while \output is active []

[328]
File: 05-ggplot2_files/figure-latex/unnamed-chunk-79-3.pdf Graphic file (type p
df)
<use 05-ggplot2_files/figure-latex/unnamed-chunk-79-3.pdf>

Underfull \vbox (badness 10000) has occurred while \output is active []

[329]
File: 05-ggplot2_files/figure-latex/unnamed-chunk-79-4.pdf Graphic file (type p
df)
<use 05-ggplot2_files/figure-latex/unnamed-chunk-79-4.pdf>

Underfull \vbox (badness 10000) has occurred while \output is active []

[330]
File: 05-ggplot2_files/figure-latex/unnamed-chunk-80-1.pdf Graphic file (type p
df)
<use 05-ggplot2_files/figure-latex/unnamed-chunk-80-1.pdf>

Underfull \vbox (badness 10000) has occurred while \output is active []

[331]
File: 05-ggplot2_files/figure-latex/unnamed-chunk-81-1.pdf Graphic file (type p
df)
<use 05-ggplot2_files/figure-latex/unnamed-chunk-81-1.pdf>

Underfull \vbox (badness 10000) has occurred while \output is active []

[332]
File: 05-ggplot2_files/figure-latex/unnamed-chunk-82-1.pdf Graphic file (type p
df)
<use 05-ggplot2_files/figure-latex/unnamed-chunk-82-1.pdf>

Underfull \vbox (badness 10000) has occurred while \output is active []

[333]
File: 05-ggplot2_files/figure-latex/unnamed-chunk-82-2.pdf Graphic file (type p
df)
<use 05-ggplot2_files/figure-latex/unnamed-chunk-82-2.pdf>

Underfull \vbox (badness 10000) has occurred while \output is active []

[334]
File: 05-ggplot2_files/figure-latex/unnamed-chunk-82-3.pdf Graphic file (type p
df)
<use 05-ggplot2_files/figure-latex/unnamed-chunk-82-3.pdf>

Underfull \vbox (badness 10000) has occurred while \output is active []

[335] [336]
File: 05-ggplot2_files/figure-latex/unnamed-chunk-83-1.pdf Graphic file (type p
df)
<use 05-ggplot2_files/figure-latex/unnamed-chunk-83-1.pdf>
File: 05-ggplot2_files/figure-latex/unnamed-chunk-83-2.pdf Graphic file (type p
df)
<use 05-ggplot2_files/figure-latex/unnamed-chunk-83-2.pdf>

Underfull \vbox (badness 10000) has occurred while \output is active []

[337]
File: 05-ggplot2_files/figure-latex/unnamed-chunk-83-3.pdf Graphic file (type p
df)
<use 05-ggplot2_files/figure-latex/unnamed-chunk-83-3.pdf>

Underfull \vbox (badness 10000) has occurred while \output is active []

[338]
File: 05-ggplot2_files/figure-latex/unnamed-chunk-83-4.pdf Graphic file (type p
df)
<use 05-ggplot2_files/figure-latex/unnamed-chunk-83-4.pdf>

Underfull \vbox (badness 10000) has occurred while \output is active []

[339]
File: 05-ggplot2_files/figure-latex/unnamed-chunk-83-5.pdf Graphic file (type p
df)
<use 05-ggplot2_files/figure-latex/unnamed-chunk-83-5.pdf>
[340]
File: 05-ggplot2_files/figure-latex/unnamed-chunk-84-1.pdf Graphic file (type p
df)
<use 05-ggplot2_files/figure-latex/unnamed-chunk-84-1.pdf>
File: 05-ggplot2_files/figure-latex/unnamed-chunk-85-1.pdf Graphic file (type p
df)
<use 05-ggplot2_files/figure-latex/unnamed-chunk-85-1.pdf>

Underfull \vbox (badness 6204) has occurred while \output is active []

[341]
File: 05-ggplot2_files/figure-latex/unnamed-chunk-85-2.pdf Graphic file (type p
df)
<use 05-ggplot2_files/figure-latex/unnamed-chunk-85-2.pdf>

Underfull \vbox (badness 10000) has occurred while \output is active []

[342]
File: 05-ggplot2_files/figure-latex/unnamed-chunk-86-1.pdf Graphic file (type p
df)
<use 05-ggplot2_files/figure-latex/unnamed-chunk-86-1.pdf>
File: 05-ggplot2_files/figure-latex/unnamed-chunk-86-2.pdf Graphic file (type p
df)
<use 05-ggplot2_files/figure-latex/unnamed-chunk-86-2.pdf>

Underfull \vbox (badness 10000) has occurred while \output is active []

[343]
File: 05-ggplot2_files/figure-latex/unnamed-chunk-87-1.pdf Graphic file (type p
df)
<use 05-ggplot2_files/figure-latex/unnamed-chunk-87-1.pdf>

Underfull \vbox (badness 10000) has occurred while \output is active []

[344]
File: 05-ggplot2_files/figure-latex/unnamed-chunk-88-1.pdf Graphic file (type p
df)
<use 05-ggplot2_files/figure-latex/unnamed-chunk-88-1.pdf>

Underfull \vbox (badness 10000) has occurred while \output is active []

[345]
File: 05-ggplot2_files/figure-latex/unnamed-chunk-89-1.pdf Graphic file (type p
df)
<use 05-ggplot2_files/figure-latex/unnamed-chunk-89-1.pdf>

Underfull \vbox (badness 10000) has occurred while \output is active []

[346]
File: 05-ggplot2_files/figure-latex/unnamed-chunk-89-2.pdf Graphic file (type p
df)
<use 05-ggplot2_files/figure-latex/unnamed-chunk-89-2.pdf>
[347] [348

]
Chapter 7.
[349] [350

]
Chapter 8.
[351] [352

]
Chapter 9.

Overfull \hbox (8.53006pt too wide) in alignment at lines 12845--12849
 [] [] [] 
 []


Overfull \hbox (8.53006pt too wide) in alignment at lines 12849--12855
 [] [] [] 
 []


Overfull \hbox (3.20824pt too wide) in alignment at lines 12863--12872
 [] [] [] 
 []


Overfull \hbox (12.48157pt too wide) in paragraph at lines 12906--12907
[]|\TU/lmtt/m/n/10 tibble::rowid_to_column()  
 []


Overfull \hbox (3.20824pt too wide) in alignment at lines 12872--12945
 [] [] [] 
 []

[353] [354]
File: 08-summary_files/figure-latex/unnamed-chunk-2-1.pdf Graphic file (type pd
f)
<use 08-summary_files/figure-latex/unnamed-chunk-2-1.pdf>
File: 08-summary_files/figure-latex/unnamed-chunk-2-2.pdf Graphic file (type pd
f)
<use 08-summary_files/figure-latex/unnamed-chunk-2-2.pdf>

Underfull \vbox (badness 10000) has occurred while \output is active []

[355]
File: 08-summary_files/figure-latex/unnamed-chunk-2-3.pdf Graphic file (type pd
f)
<use 08-summary_files/figure-latex/unnamed-chunk-2-3.pdf>

Underfull \vbox (badness 10000) has occurred while \output is active []

[356]
File: 08-summary_files/figure-latex/unnamed-chunk-2-4.pdf Graphic file (type pd
f)
<use 08-summary_files/figure-latex/unnamed-chunk-2-4.pdf>

Underfull \vbox (badness 10000) has occurred while \output is active []

[357]
File: 08-summary_files/figure-latex/unnamed-chunk-2-5.pdf Graphic file (type pd
f)
<use 08-summary_files/figure-latex/unnamed-chunk-2-5.pdf>

Underfull \vbox (badness 10000) has occurred while \output is active []

[358]
File: 08-summary_files/figure-latex/unnamed-chunk-2-6.pdf Graphic file (type pd
f)
<use 08-summary_files/figure-latex/unnamed-chunk-2-6.pdf>

Underfull \vbox (badness 10000) has occurred while \output is active []

[359]
Overfull \hbox (1.04845pt too wide) in paragraph at lines 13067--13068
[]\TU/lmr/m/n/10 Geometry  
 []


Overfull \hbox (1.04845pt too wide) in paragraph at lines 13077--13078
[]\TU/lmr/m/n/10 Geometry  
 []


Overfull \hbox (26.51843pt too wide) in paragraph at lines 13085--13085
[]|\TU/lmtt/m/n/10 geom_abline()|  
 []


Overfull \hbox (21.26843pt too wide) in paragraph at lines 13086--13086
[]|\TU/lmtt/m/n/10 geom_hline()|  
 []


Overfull \hbox (21.26843pt too wide) in paragraph at lines 13087--13087
[]|\TU/lmtt/m/n/10 geom_vline()|  
 []


Overfull \hbox (16.01843pt too wide) in paragraph at lines 13088--13088
[]|\TU/lmtt/m/n/10 geom_area()|  
 []


Overfull \hbox (10.76843pt too wide) in paragraph at lines 13089--13089
[]|\TU/lmtt/m/n/10 geom_col()|  
 []


Overfull \hbox (10.76843pt too wide) in paragraph at lines 13090--13090
[]|\TU/lmtt/m/n/10 geom_bar()|  
 []


Overfull \hbox (31.76843pt too wide) in paragraph at lines 13091--13091
[]|\TU/lmtt/m/n/10 geom_boxplot()|  
 []


Overfull \hbox (31.76843pt too wide) in paragraph at lines 13092--13092
[]|\TU/lmtt/m/n/10 geom_density()|  
 []


Overfull \hbox (31.76843pt too wide) in paragraph at lines 13093--13093
[]|\TU/lmtt/m/n/10 geom_dotplot()|  
 []


Overfull \hbox (42.26843pt too wide) in paragraph at lines 13094--13094
[]|\TU/lmtt/m/n/10 geom_histogram()|  
 []


Overfull \hbox (26.51843pt too wide) in paragraph at lines 13095--13095
[]|\TU/lmtt/m/n/10 geom_jitter()|  
 []


Overfull \hbox (16.01843pt too wide) in paragraph at lines 13096--13096
[]|\TU/lmtt/m/n/10 geom_line()|  
 []


Overfull \hbox (21.26843pt too wide) in paragraph at lines 13097--13097
[]|\TU/lmtt/m/n/10 geom_point()|  
 []


Overfull \hbox (26.51843pt too wide) in paragraph at lines 13098--13098
[]|\TU/lmtt/m/n/10 geom_ribbon()|  
 []


Overfull \hbox (26.51843pt too wide) in paragraph at lines 13099--13099
[]|\TU/lmtt/m/n/10 geom_smooth()|  
 []


Overfull \hbox (16.01843pt too wide) in paragraph at lines 13100--13100
[]|\TU/lmtt/m/n/10 geom_text()|  
 []

[360]
File: 08-summary_files/figure-latex/gemabraklistaja-1.pdf Graphic file (type pd
f)
<use 08-summary_files/figure-latex/gemabraklistaja-1.pdf>

LaTeX Warning: Float too large for page by 24.0808pt on input line 13114.

File: 08-summary_files/figure-latex/unnamed-chunk-3-1.pdf Graphic file (type pd
f)
<use 08-summary_files/figure-latex/unnamed-chunk-3-1.pdf>
(advancedr_2021_22_1.bbl [361] [362])
Package atveryend Info: Empty hook `BeforeClearDocument' on input line 13123.
[363

]
Package atveryend Info: Empty hook `AfterLastShipout' on input line 13123.
(advancedr_2021_22_1.aux)
Package atveryend Info: Empty hook `AtVeryEndDocument' on input line 13123.
Package atveryend Info: Empty hook `AtEndAfterFileList' on input line 13123.
 ) 
Here is how much of TeX's memory you used:
 20481 strings out of 414444
 390418 string characters out of 2905377
 841691 words of memory out of 3000000
 37318 multiletter control sequences out of 15000+200000
 541595 words of font info for 89 fonts, out of 3000000 for 9000
 1348 hyphenation exceptions out of 8191
 58i,8n,118p,1282b,476s stack positions out of 5000i,500n,10000p,200000b,50000s

Output written on advancedr_2021_22_1.pdf (363 pages).
